<?xml version="1.0" encoding="UTF-8"?>
<robot generator="Robot 6.1.1 (Python 3.12.0 on win32)" generated="20231210 07:59:02.867" rpa="false" schemaversion="4">
<suite id="s1" name="casesSPTF" source="C:\Projects\Spotify-robot\Tests\casesSPTF.robot">
<test id="s1-t1" name="SignUp spotify" line="7">
<kw name="New session" library="base_sptf">
<kw name="Open Browser" library="SeleniumLibrary">
<arg>${url}</arg>
<arg>chrome</arg>
<doc>Opens a new browser instance to the optional ``url``.</doc>
<msg timestamp="20231210 07:59:04.020" level="INFO">Opening browser 'chrome' to base url 'https://open.spotify.com/intl-pt?'.</msg>
<status status="PASS" starttime="20231210 07:59:04.020" endtime="20231210 07:59:10.122"/>
</kw>
<status status="PASS" starttime="20231210 07:59:04.020" endtime="20231210 07:59:10.122"/>
</kw>
<kw name="Click on SignUp button" library="base_sptf">
<kw name="Wait Until Element Is Visible" library="SeleniumLibrary">
<arg>xpath=//button[@class="Button-sc-1dqy6lx-0 eOxaqu sibxBMlr_oxWTfBrEz2G"]</arg>
<arg>10</arg>
<doc>Waits until the element ``locator`` is visible.</doc>
<status status="PASS" starttime="20231210 07:59:10.124" endtime="20231210 07:59:10.806"/>
</kw>
<kw name="Click Element" library="SeleniumLibrary">
<arg>xpath=//button[@class="Button-sc-1dqy6lx-0 eOxaqu sibxBMlr_oxWTfBrEz2G"]</arg>
<doc>Click the element identified by ``locator``.</doc>
<msg timestamp="20231210 07:59:10.813" level="INFO">Clicking element 'xpath=//button[@class="Button-sc-1dqy6lx-0 eOxaqu sibxBMlr_oxWTfBrEz2G"]'.</msg>
<status status="PASS" starttime="20231210 07:59:10.807" endtime="20231210 07:59:11.799"/>
</kw>
<status status="PASS" starttime="20231210 07:59:10.123" endtime="20231210 07:59:11.800"/>
</kw>
<kw name="Page Should Contain" library="SeleniumLibrary">
<arg>Inscrever-se</arg>
<doc>Verifies that current page contains ``text``.</doc>
<msg timestamp="20231210 07:59:11.871" level="INFO">Current page contains text 'Inscrever-se'.</msg>
<status status="PASS" starttime="20231210 07:59:11.804" endtime="20231210 07:59:11.871"/>
</kw>
<kw name="SignUp With email" library="base_sptf">
<kw name="Wait Until Element Is Visible" library="SeleniumLibrary">
<arg>xpath=//input[@id="username"]</arg>
<arg>10</arg>
<doc>Waits until the element ``locator`` is visible.</doc>
<status status="PASS" starttime="20231210 07:59:11.873" endtime="20231210 07:59:16.414"/>
</kw>
<kw name="Email" library="FakerLibrary">
<var>${EMAILFAKE}</var>
<msg timestamp="20231210 07:59:16.415" level="INFO">${EMAILFAKE} = qlee@example.com</msg>
<status status="PASS" starttime="20231210 07:59:16.414" endtime="20231210 07:59:16.415"/>
</kw>
<kw name="Set Global Variable" library="BuiltIn">
<arg>${email}</arg>
<arg>${EMAILFAKE}</arg>
<doc>Makes a variable available globally in all tests and suites.</doc>
<msg timestamp="20231210 07:59:16.417" level="INFO">${email} = qlee@example.com</msg>
<status status="PASS" starttime="20231210 07:59:16.415" endtime="20231210 07:59:16.418"/>
</kw>
<kw name="Input Text" library="SeleniumLibrary">
<arg>xpath=//input[@id="username"]</arg>
<arg>${EMAILFAKE}</arg>
<doc>Types the given ``text`` into the text field identified by ``locator``.</doc>
<msg timestamp="20231210 07:59:16.423" level="INFO">Typing text 'qlee@example.com' into text field 'xpath=//input[@id="username"]'.</msg>
<status status="PASS" starttime="20231210 07:59:16.418" endtime="20231210 07:59:17.170"/>
</kw>
<status status="PASS" starttime="20231210 07:59:11.872" endtime="20231210 07:59:17.170"/>
</kw>
<kw name="Click on Submit Button" library="base_sptf">
<kw name="Sleep" library="BuiltIn">
<arg>1</arg>
<doc>Pauses the test executed for the given time.</doc>
<msg timestamp="20231210 07:59:18.173" level="INFO">Slept 1 second</msg>
<status status="PASS" starttime="20231210 07:59:17.172" endtime="20231210 07:59:18.173"/>
</kw>
<kw name="Click Element" library="SeleniumLibrary">
<arg>xpath=//button[@data-testid="submit"]</arg>
<doc>Click the element identified by ``locator``.</doc>
<msg timestamp="20231210 07:59:18.175" level="INFO">Clicking element 'xpath=//button[@data-testid="submit"]'.</msg>
<status status="PASS" starttime="20231210 07:59:18.173" endtime="20231210 07:59:18.431"/>
</kw>
<status status="PASS" starttime="20231210 07:59:17.171" endtime="20231210 07:59:18.431"/>
</kw>
<kw name="Page Should Contain" library="SeleniumLibrary">
<arg>Crie uma senha</arg>
<doc>Verifies that current page contains ``text``.</doc>
<msg timestamp="20231210 07:59:18.485" level="INFO">Current page contains text 'Crie uma senha'.</msg>
<status status="PASS" starttime="20231210 07:59:18.434" endtime="20231210 07:59:18.485"/>
</kw>
<kw name="Set up new password" library="base_sptf">
<kw name="Wait Until Element Is Visible" library="SeleniumLibrary">
<arg>xpath=//input[@id="new-password"]</arg>
<arg>10</arg>
<doc>Waits until the element ``locator`` is visible.</doc>
<status status="PASS" starttime="20231210 07:59:18.486" endtime="20231210 07:59:18.535"/>
</kw>
<kw name="Password" library="FakerLibrary">
<var>${PASSWORDFAKE}</var>
<doc>Generate a random password of the specified ``length``.</doc>
<msg timestamp="20231210 07:59:18.536" level="INFO">${PASSWORDFAKE} = iuByHqud^1</msg>
<status status="PASS" starttime="20231210 07:59:18.535" endtime="20231210 07:59:18.536"/>
</kw>
<kw name="Set Global Variable" library="BuiltIn">
<arg>${password}</arg>
<arg>${PASSWORDFAKE}</arg>
<doc>Makes a variable available globally in all tests and suites.</doc>
<msg timestamp="20231210 07:59:18.538" level="INFO">${password} = iuByHqud^1</msg>
<status status="PASS" starttime="20231210 07:59:18.537" endtime="20231210 07:59:18.538"/>
</kw>
<kw name="Input Text" library="SeleniumLibrary">
<arg>xpath=//input[@id="new-password"]</arg>
<arg>${PASSWORDFAKE}</arg>
<doc>Types the given ``text`` into the text field identified by ``locator``.</doc>
<msg timestamp="20231210 07:59:18.540" level="INFO">Typing text 'iuByHqud^1' into text field 'xpath=//input[@id="new-password"]'.</msg>
<status status="PASS" starttime="20231210 07:59:18.538" endtime="20231210 07:59:18.894"/>
</kw>
<status status="PASS" starttime="20231210 07:59:18.486" endtime="20231210 07:59:18.894"/>
</kw>
<kw name="Click on Submit Button" library="base_sptf">
<kw name="Sleep" library="BuiltIn">
<arg>1</arg>
<doc>Pauses the test executed for the given time.</doc>
<msg timestamp="20231210 07:59:19.896" level="INFO">Slept 1 second</msg>
<status status="PASS" starttime="20231210 07:59:18.895" endtime="20231210 07:59:19.896"/>
</kw>
<kw name="Click Element" library="SeleniumLibrary">
<arg>xpath=//button[@data-testid="submit"]</arg>
<doc>Click the element identified by ``locator``.</doc>
<msg timestamp="20231210 07:59:19.896" level="INFO">Clicking element 'xpath=//button[@data-testid="submit"]'.</msg>
<status status="PASS" starttime="20231210 07:59:19.896" endtime="20231210 07:59:20.014"/>
</kw>
<status status="PASS" starttime="20231210 07:59:18.895" endtime="20231210 07:59:20.014"/>
</kw>
<kw name="Page Should Contain" library="SeleniumLibrary">
<arg>Fale de você</arg>
<doc>Verifies that current page contains ``text``.</doc>
<msg timestamp="20231210 07:59:20.043" level="INFO">Current page contains text 'Fale de você'.</msg>
<status status="PASS" starttime="20231210 07:59:20.015" endtime="20231210 07:59:20.044"/>
</kw>
<kw name="Finish sign up" library="base_sptf">
<kw name="Wait Until Element Is Visible" library="SeleniumLibrary">
<arg>xpath=//input[@name="displayName"]</arg>
<arg>10</arg>
<doc>Waits until the element ``locator`` is visible.</doc>
<status status="PASS" starttime="20231210 07:59:20.044" endtime="20231210 07:59:20.312"/>
</kw>
<kw name="Name" library="FakerLibrary">
<var>${NOMEFAKE}</var>
<doc>:example: 'John Doe'</doc>
<msg timestamp="20231210 07:59:20.312" level="INFO">${NOMEFAKE} = Nicholas Ali</msg>
<status status="PASS" starttime="20231210 07:59:20.312" endtime="20231210 07:59:20.312"/>
</kw>
<kw name="Input Text" library="SeleniumLibrary">
<arg>xpath=//input[@name="displayName"]</arg>
<arg>${NOMEFAKE}</arg>
<doc>Types the given ``text`` into the text field identified by ``locator``.</doc>
<msg timestamp="20231210 07:59:20.313" level="INFO">Typing text 'Nicholas Ali' into text field 'xpath=//input[@name="displayName"]'.</msg>
<status status="PASS" starttime="20231210 07:59:20.312" endtime="20231210 07:59:20.555"/>
</kw>
<kw name="Date" library="FakerLibrary">
<var>${DATAFAKE}</var>
<doc>Get a date string between January 1, 1970 and now.</doc>
<msg timestamp="20231210 07:59:20.555" level="INFO">${DATAFAKE} = 2006-01-06</msg>
<status status="PASS" starttime="20231210 07:59:20.555" endtime="20231210 07:59:20.555"/>
</kw>
<kw name="Input Text" library="SeleniumLibrary">
<arg>xpath=//input[@id="day"]</arg>
<arg>${DATAFAKE}</arg>
<doc>Types the given ``text`` into the text field identified by ``locator``.</doc>
<msg timestamp="20231210 07:59:20.556" level="INFO">Typing text '2006-01-06' into text field 'xpath=//input[@id="day"]'.</msg>
<status status="PASS" starttime="20231210 07:59:20.556" endtime="20231210 07:59:20.697"/>
</kw>
<kw name="Select From List By Label" library="SeleniumLibrary">
<arg>xpath=//select[@id="month"]</arg>
<arg>janeiro</arg>
<doc>Selects options from selection list ``locator`` by ``labels``.</doc>
<msg timestamp="20231210 07:59:20.698" level="INFO">Selecting options from selection list 'xpath=//select[@id="month"]' by label janeiro.</msg>
<status status="PASS" starttime="20231210 07:59:20.697" endtime="20231210 07:59:20.913"/>
</kw>
<kw name="Evaluate" library="BuiltIn">
<var>${random_year}</var>
<arg>random.randint(1900, 2005)</arg>
<doc>Evaluates the given expression in Python and returns the result.</doc>
<msg timestamp="20231210 07:59:20.914" level="INFO">${random_year} = 1920</msg>
<status status="PASS" starttime="20231210 07:59:20.913" endtime="20231210 07:59:20.914"/>
</kw>
<kw name="Input Text" library="SeleniumLibrary">
<arg>xpath=//input[@id="year"]</arg>
<arg>${random_year}</arg>
<doc>Types the given ``text`` into the text field identified by ``locator``.</doc>
<msg timestamp="20231210 07:59:20.915" level="INFO">Typing text '1920' into text field 'xpath=//input[@id="year"]'.</msg>
<status status="PASS" starttime="20231210 07:59:20.914" endtime="20231210 07:59:21.141"/>
</kw>
<kw name="Log" library="BuiltIn">
<arg>${random_year}</arg>
<doc>Logs the given message with the given level.</doc>
<msg timestamp="20231210 07:59:21.141" level="INFO">1920</msg>
<status status="PASS" starttime="20231210 07:59:21.141" endtime="20231210 07:59:21.141"/>
</kw>
<kw name="Click Element" library="SeleniumLibrary">
<arg>xpath=//label[@for="gender_option_male"]</arg>
<doc>Click the element identified by ``locator``.</doc>
<msg timestamp="20231210 07:59:21.142" level="INFO">Clicking element 'xpath=//label[@for="gender_option_male"]'.</msg>
<status status="PASS" starttime="20231210 07:59:21.142" endtime="20231210 07:59:21.239"/>
</kw>
<status status="PASS" starttime="20231210 07:59:20.044" endtime="20231210 07:59:21.239"/>
</kw>
<kw name="Click on Submit Button" library="base_sptf">
<kw name="Sleep" library="BuiltIn">
<arg>1</arg>
<doc>Pauses the test executed for the given time.</doc>
<msg timestamp="20231210 07:59:22.241" level="INFO">Slept 1 second</msg>
<status status="PASS" starttime="20231210 07:59:21.240" endtime="20231210 07:59:22.241"/>
</kw>
<kw name="Click Element" library="SeleniumLibrary">
<arg>xpath=//button[@data-testid="submit"]</arg>
<doc>Click the element identified by ``locator``.</doc>
<msg timestamp="20231210 07:59:22.241" level="INFO">Clicking element 'xpath=//button[@data-testid="submit"]'.</msg>
<status status="PASS" starttime="20231210 07:59:22.241" endtime="20231210 07:59:22.362"/>
</kw>
<status status="PASS" starttime="20231210 07:59:21.239" endtime="20231210 07:59:22.362"/>
</kw>
<kw name="Page Should Contain" library="SeleniumLibrary">
<arg>Termos e Condições</arg>
<doc>Verifies that current page contains ``text``.</doc>
<msg timestamp="20231210 07:59:22.392" level="INFO">Current page contains text 'Termos e Condições'.</msg>
<status status="PASS" starttime="20231210 07:59:22.363" endtime="20231210 07:59:22.392"/>
</kw>
<kw name="Agree with terms and conditions" library="base_sptf">
<kw name="Wait Until Element Is Visible" library="SeleniumLibrary">
<arg>xpath=//label[@for="terms-conditions-checkbox"]/span[@class="Indicator-sc-1airx73-0 jCsyxi"]</arg>
<arg>10</arg>
<doc>Waits until the element ``locator`` is visible.</doc>
<status status="PASS" starttime="20231210 07:59:22.393" endtime="20231210 07:59:22.886"/>
</kw>
<kw name="Click Element" library="SeleniumLibrary">
<arg>xpath=//label[@for="terms-conditions-checkbox"]/span[@class="Indicator-sc-1airx73-0 jCsyxi"]</arg>
<doc>Click the element identified by ``locator``.</doc>
<msg timestamp="20231210 07:59:22.886" level="INFO">Clicking element 'xpath=//label[@for="terms-conditions-checkbox"]/span[@class="Indicator-sc-1airx73-0 jCsyxi"]'.</msg>
<status status="PASS" starttime="20231210 07:59:22.886" endtime="20231210 07:59:23.023"/>
</kw>
<status status="PASS" starttime="20231210 07:59:22.393" endtime="20231210 07:59:23.023"/>
</kw>
<kw name="Click on Submit Button" library="base_sptf">
<kw name="Sleep" library="BuiltIn">
<arg>1</arg>
<doc>Pauses the test executed for the given time.</doc>
<msg timestamp="20231210 07:59:24.025" level="INFO">Slept 1 second</msg>
<status status="PASS" starttime="20231210 07:59:23.024" endtime="20231210 07:59:24.025"/>
</kw>
<kw name="Click Element" library="SeleniumLibrary">
<arg>xpath=//button[@data-testid="submit"]</arg>
<doc>Click the element identified by ``locator``.</doc>
<msg timestamp="20231210 07:59:24.026" level="INFO">Clicking element 'xpath=//button[@data-testid="submit"]'.</msg>
<status status="PASS" starttime="20231210 07:59:24.025" endtime="20231210 07:59:24.197"/>
</kw>
<status status="PASS" starttime="20231210 07:59:23.024" endtime="20231210 07:59:24.197"/>
</kw>
<kw name="Home Page" library="base_sptf">
<kw name="Wait Until Element Is Visible" library="SeleniumLibrary">
<arg>xpath=//span[contains(text(), "Início")]</arg>
<arg>10</arg>
<doc>Waits until the element ``locator`` is visible.</doc>
<status status="PASS" starttime="20231210 07:59:24.198" endtime="20231210 07:59:30.975"/>
</kw>
<status status="PASS" starttime="20231210 07:59:24.198" endtime="20231210 07:59:30.975"/>
</kw>
<kw name="Logout" library="base_sptf">
<kw name="Click Element" library="SeleniumLibrary">
<arg>xpath=//button[@data-testid="user-widget-link"]</arg>
<doc>Click the element identified by ``locator``.</doc>
<msg timestamp="20231210 07:59:30.977" level="INFO">Clicking element 'xpath=//button[@data-testid="user-widget-link"]'.</msg>
<status status="PASS" starttime="20231210 07:59:30.976" endtime="20231210 07:59:32.155"/>
</kw>
<kw name="Click Element" library="SeleniumLibrary">
<arg>xpath=//button[@data-testid="user-widget-dropdown-logout"]</arg>
<doc>Click the element identified by ``locator``.</doc>
<msg timestamp="20231210 07:59:32.157" level="INFO">Clicking element 'xpath=//button[@data-testid="user-widget-dropdown-logout"]'.</msg>
<status status="PASS" starttime="20231210 07:59:32.155" endtime="20231210 07:59:33.262"/>
</kw>
<status status="PASS" starttime="20231210 07:59:30.975" endtime="20231210 07:59:33.262"/>
</kw>
<tag>Regressao</tag>
<tag>signup</tag>
<status status="PASS" starttime="20231210 07:59:04.020" endtime="20231210 07:59:33.263"/>
</test>
<test id="s1-t2" name="Signup Without Email" line="33">
<kw name="New session" library="base_sptf">
<kw name="Open Browser" library="SeleniumLibrary">
<arg>${url}</arg>
<arg>chrome</arg>
<doc>Opens a new browser instance to the optional ``url``.</doc>
<msg timestamp="20231210 07:59:33.278" level="INFO">Opening browser 'chrome' to base url 'https://open.spotify.com/intl-pt?'.</msg>
<status status="PASS" starttime="20231210 07:59:33.277" endtime="20231210 07:59:40.860"/>
</kw>
<status status="PASS" starttime="20231210 07:59:33.275" endtime="20231210 07:59:40.860"/>
</kw>
<kw name="Click on SignUp button" library="base_sptf">
<kw name="Wait Until Element Is Visible" library="SeleniumLibrary">
<arg>xpath=//button[@class="Button-sc-1dqy6lx-0 eOxaqu sibxBMlr_oxWTfBrEz2G"]</arg>
<arg>10</arg>
<doc>Waits until the element ``locator`` is visible.</doc>
<status status="PASS" starttime="20231210 07:59:40.861" endtime="20231210 07:59:41.166"/>
</kw>
<kw name="Click Element" library="SeleniumLibrary">
<arg>xpath=//button[@class="Button-sc-1dqy6lx-0 eOxaqu sibxBMlr_oxWTfBrEz2G"]</arg>
<doc>Click the element identified by ``locator``.</doc>
<msg timestamp="20231210 07:59:41.167" level="INFO">Clicking element 'xpath=//button[@class="Button-sc-1dqy6lx-0 eOxaqu sibxBMlr_oxWTfBrEz2G"]'.</msg>
<status status="PASS" starttime="20231210 07:59:41.166" endtime="20231210 07:59:42.383"/>
</kw>
<status status="PASS" starttime="20231210 07:59:40.860" endtime="20231210 07:59:42.383"/>
</kw>
<kw name="Page Should Contain" library="SeleniumLibrary">
<arg>Inscrever-se</arg>
<doc>Verifies that current page contains ``text``.</doc>
<msg timestamp="20231210 07:59:42.448" level="INFO">Current page contains text 'Inscrever-se'.</msg>
<status status="PASS" starttime="20231210 07:59:42.383" endtime="20231210 07:59:42.449"/>
</kw>
<kw name="Error No Email" library="base_sptf">
<kw name="Wait Until Element Is Visible" library="SeleniumLibrary">
<arg>xpath=//input[@id="username"]</arg>
<arg>10</arg>
<doc>Waits until the element ``locator`` is visible.</doc>
<status status="PASS" starttime="20231210 07:59:42.450" endtime="20231210 07:59:46.498"/>
</kw>
<kw name="Click Element" library="SeleniumLibrary">
<arg>xpath=//button[@data-testid="submit"]</arg>
<doc>Click the element identified by ``locator``.</doc>
<msg timestamp="20231210 07:59:46.499" level="INFO">Clicking element 'xpath=//button[@data-testid="submit"]'.</msg>
<status status="PASS" starttime="20231210 07:59:46.498" endtime="20231210 07:59:46.842"/>
</kw>
<kw name="Wait Until Element Is Visible" library="SeleniumLibrary">
<arg>xpath=//div[@id="username-error-message"]</arg>
<arg>10</arg>
<doc>Waits until the element ``locator`` is visible.</doc>
<status status="PASS" starttime="20231210 07:59:46.842" endtime="20231210 07:59:46.899"/>
</kw>
<kw name="Page Should Contain" library="SeleniumLibrary">
<arg>Esse e-mail é inválido. O formato correto é assim: exemplo@email.com</arg>
<doc>Verifies that current page contains ``text``.</doc>
<msg timestamp="20231210 07:59:46.951" level="INFO">Current page contains text 'Esse e-mail é inválido. O formato correto é assim: exemplo@email.com'.</msg>
<status status="PASS" starttime="20231210 07:59:46.899" endtime="20231210 07:59:46.952"/>
</kw>
<status status="PASS" starttime="20231210 07:59:42.450" endtime="20231210 07:59:46.952"/>
</kw>
<tag>Regressao</tag>
<tag>signup_without_email</tag>
<status status="PASS" starttime="20231210 07:59:33.273" endtime="20231210 07:59:46.953"/>
</test>
<test id="s1-t3" name="Password With Less Than 8 Characters" line="56">
<kw name="New session" library="base_sptf">
<kw name="Open Browser" library="SeleniumLibrary">
<arg>${url}</arg>
<arg>chrome</arg>
<doc>Opens a new browser instance to the optional ``url``.</doc>
<msg timestamp="20231210 07:59:46.957" level="INFO">Opening browser 'chrome' to base url 'https://open.spotify.com/intl-pt?'.</msg>
<status status="PASS" starttime="20231210 07:59:46.955" endtime="20231210 07:59:54.304"/>
</kw>
<status status="PASS" starttime="20231210 07:59:46.955" endtime="20231210 07:59:54.304"/>
</kw>
<kw name="Click on SignUp button" library="base_sptf">
<kw name="Wait Until Element Is Visible" library="SeleniumLibrary">
<arg>xpath=//button[@class="Button-sc-1dqy6lx-0 eOxaqu sibxBMlr_oxWTfBrEz2G"]</arg>
<arg>10</arg>
<doc>Waits until the element ``locator`` is visible.</doc>
<status status="PASS" starttime="20231210 07:59:54.304" endtime="20231210 07:59:54.342"/>
</kw>
<kw name="Click Element" library="SeleniumLibrary">
<arg>xpath=//button[@class="Button-sc-1dqy6lx-0 eOxaqu sibxBMlr_oxWTfBrEz2G"]</arg>
<doc>Click the element identified by ``locator``.</doc>
<msg timestamp="20231210 07:59:54.343" level="INFO">Clicking element 'xpath=//button[@class="Button-sc-1dqy6lx-0 eOxaqu sibxBMlr_oxWTfBrEz2G"]'.</msg>
<status status="PASS" starttime="20231210 07:59:54.342" endtime="20231210 07:59:54.510"/>
</kw>
<status status="PASS" starttime="20231210 07:59:54.304" endtime="20231210 07:59:54.510"/>
</kw>
<kw name="Page Should Contain" library="SeleniumLibrary">
<arg>Inscrever-se</arg>
<doc>Verifies that current page contains ``text``.</doc>
<msg timestamp="20231210 07:59:54.541" level="INFO">Current page contains text 'Inscrever-se'.</msg>
<status status="PASS" starttime="20231210 07:59:54.510" endtime="20231210 07:59:54.541"/>
</kw>
<kw name="SignUp With email" library="base_sptf">
<kw name="Wait Until Element Is Visible" library="SeleniumLibrary">
<arg>xpath=//input[@id="username"]</arg>
<arg>10</arg>
<doc>Waits until the element ``locator`` is visible.</doc>
<status status="PASS" starttime="20231210 07:59:54.542" endtime="20231210 08:00:03.069"/>
</kw>
<kw name="Email" library="FakerLibrary">
<var>${EMAILFAKE}</var>
<msg timestamp="20231210 08:00:03.070" level="INFO">${EMAILFAKE} = ugarcia@example.org</msg>
<status status="PASS" starttime="20231210 08:00:03.070" endtime="20231210 08:00:03.070"/>
</kw>
<kw name="Set Global Variable" library="BuiltIn">
<arg>${email}</arg>
<arg>${EMAILFAKE}</arg>
<doc>Makes a variable available globally in all tests and suites.</doc>
<msg timestamp="20231210 08:00:03.072" level="INFO">${email} = ugarcia@example.org</msg>
<status status="PASS" starttime="20231210 08:00:03.071" endtime="20231210 08:00:03.072"/>
</kw>
<kw name="Input Text" library="SeleniumLibrary">
<arg>xpath=//input[@id="username"]</arg>
<arg>${EMAILFAKE}</arg>
<doc>Types the given ``text`` into the text field identified by ``locator``.</doc>
<msg timestamp="20231210 08:00:03.073" level="INFO">Typing text 'ugarcia@example.org' into text field 'xpath=//input[@id="username"]'.</msg>
<status status="PASS" starttime="20231210 08:00:03.072" endtime="20231210 08:00:03.483"/>
</kw>
<status status="PASS" starttime="20231210 07:59:54.541" endtime="20231210 08:00:03.483"/>
</kw>
<kw name="Click on Submit Button" library="base_sptf">
<kw name="Sleep" library="BuiltIn">
<arg>1</arg>
<doc>Pauses the test executed for the given time.</doc>
<msg timestamp="20231210 08:00:04.485" level="INFO">Slept 1 second</msg>
<status status="PASS" starttime="20231210 08:00:03.484" endtime="20231210 08:00:04.485"/>
</kw>
<kw name="Click Element" library="SeleniumLibrary">
<arg>xpath=//button[@data-testid="submit"]</arg>
<doc>Click the element identified by ``locator``.</doc>
<msg timestamp="20231210 08:00:04.485" level="INFO">Clicking element 'xpath=//button[@data-testid="submit"]'.</msg>
<status status="PASS" starttime="20231210 08:00:04.485" endtime="20231210 08:00:04.618"/>
</kw>
<status status="PASS" starttime="20231210 08:00:03.483" endtime="20231210 08:00:04.618"/>
</kw>
<kw name="Password Must Have 8 Characters" library="base_sptf">
<kw name="Wait Until Element Is Visible" library="SeleniumLibrary">
<arg>xpath=//input[@id="new-password"]</arg>
<arg>10</arg>
<doc>Waits until the element ``locator`` is visible.</doc>
<status status="PASS" starttime="20231210 08:00:04.619" endtime="20231210 08:00:04.881"/>
</kw>
<kw name="Input Text" library="SeleniumLibrary">
<arg>xpath=//input[@id="new-password"]</arg>
<arg>As1@</arg>
<doc>Types the given ``text`` into the text field identified by ``locator``.</doc>
<msg timestamp="20231210 08:00:04.882" level="INFO">Typing text 'As1@' into text field 'xpath=//input[@id="new-password"]'.</msg>
<status status="PASS" starttime="20231210 08:00:04.881" endtime="20231210 08:00:05.072"/>
</kw>
<kw name="Click Element" library="SeleniumLibrary">
<arg>xpath=//button[@data-testid="submit"]</arg>
<doc>Click the element identified by ``locator``.</doc>
<msg timestamp="20231210 08:00:05.074" level="INFO">Clicking element 'xpath=//button[@data-testid="submit"]'.</msg>
<status status="PASS" starttime="20231210 08:00:05.072" endtime="20231210 08:00:05.167"/>
</kw>
<status status="PASS" starttime="20231210 08:00:04.618" endtime="20231210 08:00:05.167"/>
</kw>
<kw name="Message Error Must Have 8 Characters" library="base_sptf">
<kw name="Wait Until Element Is Visible" library="SeleniumLibrary">
<arg>xpath=//div[@id="password-error-message"]</arg>
<arg>10</arg>
<doc>Waits until the element ``locator`` is visible.</doc>
<status status="PASS" starttime="20231210 08:00:05.168" endtime="20231210 08:00:05.198"/>
</kw>
<kw name="Page Should Contain" library="SeleniumLibrary">
<arg>A senha deve ter pelo menos 8 caracteres.</arg>
<doc>Verifies that current page contains ``text``.</doc>
<msg timestamp="20231210 08:00:05.220" level="INFO">Current page contains text 'A senha deve ter pelo menos 8 caracteres.'.</msg>
<status status="PASS" starttime="20231210 08:00:05.198" endtime="20231210 08:00:05.220"/>
</kw>
<status status="PASS" starttime="20231210 08:00:05.167" endtime="20231210 08:00:05.220"/>
</kw>
<tag>password_less_characters</tag>
<tag>Regressao</tag>
<status status="PASS" starttime="20231210 07:59:46.954" endtime="20231210 08:00:05.220"/>
</test>
<test id="s1-t4" name="Weak Password" line="70">
<kw name="New session" library="base_sptf">
<kw name="Open Browser" library="SeleniumLibrary">
<arg>${url}</arg>
<arg>chrome</arg>
<doc>Opens a new browser instance to the optional ``url``.</doc>
<msg timestamp="20231210 08:00:05.222" level="INFO">Opening browser 'chrome' to base url 'https://open.spotify.com/intl-pt?'.</msg>
<status status="PASS" starttime="20231210 08:00:05.221" endtime="20231210 08:00:16.030"/>
</kw>
<status status="PASS" starttime="20231210 08:00:05.221" endtime="20231210 08:00:16.031"/>
</kw>
<kw name="Click on SignUp button" library="base_sptf">
<kw name="Wait Until Element Is Visible" library="SeleniumLibrary">
<arg>xpath=//button[@class="Button-sc-1dqy6lx-0 eOxaqu sibxBMlr_oxWTfBrEz2G"]</arg>
<arg>10</arg>
<doc>Waits until the element ``locator`` is visible.</doc>
<status status="PASS" starttime="20231210 08:00:16.032" endtime="20231210 08:00:16.602"/>
</kw>
<kw name="Click Element" library="SeleniumLibrary">
<arg>xpath=//button[@class="Button-sc-1dqy6lx-0 eOxaqu sibxBMlr_oxWTfBrEz2G"]</arg>
<doc>Click the element identified by ``locator``.</doc>
<msg timestamp="20231210 08:00:16.603" level="INFO">Clicking element 'xpath=//button[@class="Button-sc-1dqy6lx-0 eOxaqu sibxBMlr_oxWTfBrEz2G"]'.</msg>
<status status="PASS" starttime="20231210 08:00:16.602" endtime="20231210 08:00:17.566"/>
</kw>
<status status="PASS" starttime="20231210 08:00:16.031" endtime="20231210 08:00:17.566"/>
</kw>
<kw name="Page Should Contain" library="SeleniumLibrary">
<arg>Inscrever-se</arg>
<doc>Verifies that current page contains ``text``.</doc>
<msg timestamp="20231210 08:00:17.630" level="INFO">Current page contains text 'Inscrever-se'.</msg>
<status status="PASS" starttime="20231210 08:00:17.567" endtime="20231210 08:00:17.631"/>
</kw>
<kw name="SignUp With email" library="base_sptf">
<kw name="Wait Until Element Is Visible" library="SeleniumLibrary">
<arg>xpath=//input[@id="username"]</arg>
<arg>10</arg>
<doc>Waits until the element ``locator`` is visible.</doc>
<status status="PASS" starttime="20231210 08:00:17.633" endtime="20231210 08:00:21.991"/>
</kw>
<kw name="Email" library="FakerLibrary">
<var>${EMAILFAKE}</var>
<msg timestamp="20231210 08:00:21.993" level="INFO">${EMAILFAKE} = sarahhoffman@example.org</msg>
<status status="PASS" starttime="20231210 08:00:21.991" endtime="20231210 08:00:21.993"/>
</kw>
<kw name="Set Global Variable" library="BuiltIn">
<arg>${email}</arg>
<arg>${EMAILFAKE}</arg>
<doc>Makes a variable available globally in all tests and suites.</doc>
<msg timestamp="20231210 08:00:21.994" level="INFO">${email} = sarahhoffman@example.org</msg>
<status status="PASS" starttime="20231210 08:00:21.994" endtime="20231210 08:00:21.995"/>
</kw>
<kw name="Input Text" library="SeleniumLibrary">
<arg>xpath=//input[@id="username"]</arg>
<arg>${EMAILFAKE}</arg>
<doc>Types the given ``text`` into the text field identified by ``locator``.</doc>
<msg timestamp="20231210 08:00:21.997" level="INFO">Typing text 'sarahhoffman@example.org' into text field 'xpath=//input[@id="username"]'.</msg>
<status status="PASS" starttime="20231210 08:00:21.995" endtime="20231210 08:00:22.892"/>
</kw>
<status status="PASS" starttime="20231210 08:00:17.632" endtime="20231210 08:00:22.892"/>
</kw>
<kw name="Click on Submit Button" library="base_sptf">
<kw name="Sleep" library="BuiltIn">
<arg>1</arg>
<doc>Pauses the test executed for the given time.</doc>
<msg timestamp="20231210 08:00:23.899" level="INFO">Slept 1 second</msg>
<status status="PASS" starttime="20231210 08:00:22.898" endtime="20231210 08:00:23.899"/>
</kw>
<kw name="Click Element" library="SeleniumLibrary">
<arg>xpath=//button[@data-testid="submit"]</arg>
<doc>Click the element identified by ``locator``.</doc>
<msg timestamp="20231210 08:00:23.901" level="INFO">Clicking element 'xpath=//button[@data-testid="submit"]'.</msg>
<status status="PASS" starttime="20231210 08:00:23.899" endtime="20231210 08:00:24.102"/>
</kw>
<status status="PASS" starttime="20231210 08:00:22.898" endtime="20231210 08:00:24.102"/>
</kw>
<kw name="Password Must be Stronger" library="base_sptf">
<kw name="Wait Until Element Is Visible" library="SeleniumLibrary">
<arg>xpath=//input[@id="new-password"]</arg>
<arg>10</arg>
<doc>Waits until the element ``locator`` is visible.</doc>
<status status="PASS" starttime="20231210 08:00:24.104" endtime="20231210 08:00:24.408"/>
</kw>
<kw name="Input Text" library="SeleniumLibrary">
<arg>xpath=//input[@id="new-password"]</arg>
<arg>12345678</arg>
<doc>Types the given ``text`` into the text field identified by ``locator``.</doc>
<msg timestamp="20231210 08:00:24.408" level="INFO">Typing text '12345678' into text field 'xpath=//input[@id="new-password"]'.</msg>
<status status="PASS" starttime="20231210 08:00:24.408" endtime="20231210 08:00:24.680"/>
</kw>
<kw name="Click Element" library="SeleniumLibrary">
<arg>xpath=//button[@data-testid="submit"]</arg>
<doc>Click the element identified by ``locator``.</doc>
<msg timestamp="20231210 08:00:24.681" level="INFO">Clicking element 'xpath=//button[@data-testid="submit"]'.</msg>
<status status="PASS" starttime="20231210 08:00:24.680" endtime="20231210 08:00:24.809"/>
</kw>
<kw name="Wait Until Element Is Visible" library="SeleniumLibrary">
<arg>xpath=//div[@id="password-error-message"]</arg>
<arg>10</arg>
<doc>Waits until the element ``locator`` is visible.</doc>
<status status="PASS" starttime="20231210 08:00:24.809" endtime="20231210 08:00:25.277"/>
</kw>
<kw name="Page Should Contain" library="SeleniumLibrary">
<arg>Sua senha é muito fraca. Escolha uma opção mais forte.</arg>
<doc>Verifies that current page contains ``text``.</doc>
<msg timestamp="20231210 08:00:25.304" level="INFO">Current page contains text 'Sua senha é muito fraca. Escolha uma opção mais forte.'.</msg>
<status status="PASS" starttime="20231210 08:00:25.277" endtime="20231210 08:00:25.304"/>
</kw>
<status status="PASS" starttime="20231210 08:00:24.104" endtime="20231210 08:00:25.304"/>
</kw>
<tag>Regressao</tag>
<tag>weak_password</tag>
<status status="PASS" starttime="20231210 08:00:05.221" endtime="20231210 08:00:25.305"/>
</test>
<test id="s1-t5" name="Signup Without Birth Date" line="102">
<kw name="New session" library="base_sptf">
<kw name="Open Browser" library="SeleniumLibrary">
<arg>${url}</arg>
<arg>chrome</arg>
<doc>Opens a new browser instance to the optional ``url``.</doc>
<msg timestamp="20231210 08:00:25.307" level="INFO">Opening browser 'chrome' to base url 'https://open.spotify.com/intl-pt?'.</msg>
<status status="PASS" starttime="20231210 08:00:25.306" endtime="20231210 08:00:30.990"/>
</kw>
<status status="PASS" starttime="20231210 08:00:25.306" endtime="20231210 08:00:30.991"/>
</kw>
<kw name="Click on SignUp button" library="base_sptf">
<kw name="Wait Until Element Is Visible" library="SeleniumLibrary">
<arg>xpath=//button[@class="Button-sc-1dqy6lx-0 eOxaqu sibxBMlr_oxWTfBrEz2G"]</arg>
<arg>10</arg>
<doc>Waits until the element ``locator`` is visible.</doc>
<status status="PASS" starttime="20231210 08:00:30.992" endtime="20231210 08:00:31.442"/>
</kw>
<kw name="Click Element" library="SeleniumLibrary">
<arg>xpath=//button[@class="Button-sc-1dqy6lx-0 eOxaqu sibxBMlr_oxWTfBrEz2G"]</arg>
<doc>Click the element identified by ``locator``.</doc>
<msg timestamp="20231210 08:00:31.444" level="INFO">Clicking element 'xpath=//button[@class="Button-sc-1dqy6lx-0 eOxaqu sibxBMlr_oxWTfBrEz2G"]'.</msg>
<status status="PASS" starttime="20231210 08:00:31.443" endtime="20231210 08:00:32.696"/>
</kw>
<status status="PASS" starttime="20231210 08:00:30.991" endtime="20231210 08:00:32.696"/>
</kw>
<kw name="Page Should Contain" library="SeleniumLibrary">
<arg>Inscrever-se</arg>
<doc>Verifies that current page contains ``text``.</doc>
<msg timestamp="20231210 08:00:32.753" level="INFO">Current page contains text 'Inscrever-se'.</msg>
<status status="PASS" starttime="20231210 08:00:32.697" endtime="20231210 08:00:32.753"/>
</kw>
<kw name="SignUp With email" library="base_sptf">
<kw name="Wait Until Element Is Visible" library="SeleniumLibrary">
<arg>xpath=//input[@id="username"]</arg>
<arg>10</arg>
<doc>Waits until the element ``locator`` is visible.</doc>
<status status="PASS" starttime="20231210 08:00:32.755" endtime="20231210 08:00:36.568"/>
</kw>
<kw name="Email" library="FakerLibrary">
<var>${EMAILFAKE}</var>
<msg timestamp="20231210 08:00:36.569" level="INFO">${EMAILFAKE} = markjohnson@example.net</msg>
<status status="PASS" starttime="20231210 08:00:36.568" endtime="20231210 08:00:36.569"/>
</kw>
<kw name="Set Global Variable" library="BuiltIn">
<arg>${email}</arg>
<arg>${EMAILFAKE}</arg>
<doc>Makes a variable available globally in all tests and suites.</doc>
<msg timestamp="20231210 08:00:36.569" level="INFO">${email} = markjohnson@example.net</msg>
<status status="PASS" starttime="20231210 08:00:36.569" endtime="20231210 08:00:36.569"/>
</kw>
<kw name="Input Text" library="SeleniumLibrary">
<arg>xpath=//input[@id="username"]</arg>
<arg>${EMAILFAKE}</arg>
<doc>Types the given ``text`` into the text field identified by ``locator``.</doc>
<msg timestamp="20231210 08:00:36.570" level="INFO">Typing text 'markjohnson@example.net' into text field 'xpath=//input[@id="username"]'.</msg>
<status status="PASS" starttime="20231210 08:00:36.569" endtime="20231210 08:00:37.071"/>
</kw>
<status status="PASS" starttime="20231210 08:00:32.753" endtime="20231210 08:00:37.071"/>
</kw>
<kw name="Click on Submit Button" library="base_sptf">
<kw name="Sleep" library="BuiltIn">
<arg>1</arg>
<doc>Pauses the test executed for the given time.</doc>
<msg timestamp="20231210 08:00:38.074" level="INFO">Slept 1 second</msg>
<status status="PASS" starttime="20231210 08:00:37.073" endtime="20231210 08:00:38.074"/>
</kw>
<kw name="Click Element" library="SeleniumLibrary">
<arg>xpath=//button[@data-testid="submit"]</arg>
<doc>Click the element identified by ``locator``.</doc>
<msg timestamp="20231210 08:00:38.078" level="INFO">Clicking element 'xpath=//button[@data-testid="submit"]'.</msg>
<status status="PASS" starttime="20231210 08:00:38.075" endtime="20231210 08:00:38.259"/>
</kw>
<status status="PASS" starttime="20231210 08:00:37.072" endtime="20231210 08:00:38.259"/>
</kw>
<kw name="Page Should Contain" library="SeleniumLibrary">
<arg>Crie uma senha</arg>
<doc>Verifies that current page contains ``text``.</doc>
<msg timestamp="20231210 08:00:38.298" level="INFO">Current page contains text 'Crie uma senha'.</msg>
<status status="PASS" starttime="20231210 08:00:38.260" endtime="20231210 08:00:38.298"/>
</kw>
<kw name="Set up new password" library="base_sptf">
<kw name="Wait Until Element Is Visible" library="SeleniumLibrary">
<arg>xpath=//input[@id="new-password"]</arg>
<arg>10</arg>
<doc>Waits until the element ``locator`` is visible.</doc>
<status status="PASS" starttime="20231210 08:00:38.299" endtime="20231210 08:00:38.386"/>
</kw>
<kw name="Password" library="FakerLibrary">
<var>${PASSWORDFAKE}</var>
<doc>Generate a random password of the specified ``length``.</doc>
<msg timestamp="20231210 08:00:38.387" level="INFO">${PASSWORDFAKE} = _lp8JPGl63</msg>
<status status="PASS" starttime="20231210 08:00:38.387" endtime="20231210 08:00:38.387"/>
</kw>
<kw name="Set Global Variable" library="BuiltIn">
<arg>${password}</arg>
<arg>${PASSWORDFAKE}</arg>
<doc>Makes a variable available globally in all tests and suites.</doc>
<msg timestamp="20231210 08:00:38.387" level="INFO">${password} = _lp8JPGl63</msg>
<status status="PASS" starttime="20231210 08:00:38.387" endtime="20231210 08:00:38.388"/>
</kw>
<kw name="Input Text" library="SeleniumLibrary">
<arg>xpath=//input[@id="new-password"]</arg>
<arg>${PASSWORDFAKE}</arg>
<doc>Types the given ``text`` into the text field identified by ``locator``.</doc>
<msg timestamp="20231210 08:00:38.388" level="INFO">Typing text '_lp8JPGl63' into text field 'xpath=//input[@id="new-password"]'.</msg>
<status status="PASS" starttime="20231210 08:00:38.388" endtime="20231210 08:00:38.711"/>
</kw>
<status status="PASS" starttime="20231210 08:00:38.299" endtime="20231210 08:00:38.712"/>
</kw>
<kw name="Click on Submit Button" library="base_sptf">
<kw name="Sleep" library="BuiltIn">
<arg>1</arg>
<doc>Pauses the test executed for the given time.</doc>
<msg timestamp="20231210 08:00:39.712" level="INFO">Slept 1 second</msg>
<status status="PASS" starttime="20231210 08:00:38.712" endtime="20231210 08:00:39.713"/>
</kw>
<kw name="Click Element" library="SeleniumLibrary">
<arg>xpath=//button[@data-testid="submit"]</arg>
<doc>Click the element identified by ``locator``.</doc>
<msg timestamp="20231210 08:00:39.714" level="INFO">Clicking element 'xpath=//button[@data-testid="submit"]'.</msg>
<status status="PASS" starttime="20231210 08:00:39.713" endtime="20231210 08:00:39.965"/>
</kw>
<status status="PASS" starttime="20231210 08:00:38.712" endtime="20231210 08:00:39.966"/>
</kw>
<kw name="Page Should Contain" library="SeleniumLibrary">
<arg>Fale de você</arg>
<doc>Verifies that current page contains ``text``.</doc>
<msg timestamp="20231210 08:00:40.019" level="INFO">Current page contains text 'Fale de você'.</msg>
<status status="PASS" starttime="20231210 08:00:39.966" endtime="20231210 08:00:40.020"/>
</kw>
<kw name="Must Have Birth Date" library="base_sptf">
<kw name="Wait Until Element Is Visible" library="SeleniumLibrary">
<arg>xpath=//input[@name="displayName"]</arg>
<arg>10</arg>
<doc>Waits until the element ``locator`` is visible.</doc>
<status status="PASS" starttime="20231210 08:00:40.025" endtime="20231210 08:00:40.115"/>
</kw>
<kw name="Name" library="FakerLibrary">
<var>${NOMEFAKE}</var>
<doc>:example: 'John Doe'</doc>
<msg timestamp="20231210 08:00:40.118" level="INFO">${NOMEFAKE} = Timothy West</msg>
<status status="PASS" starttime="20231210 08:00:40.116" endtime="20231210 08:00:40.118"/>
</kw>
<kw name="Input Text" library="SeleniumLibrary">
<arg>xpath=//input[@name="displayName"]</arg>
<arg>${NOMEFAKE}</arg>
<doc>Types the given ``text`` into the text field identified by ``locator``.</doc>
<msg timestamp="20231210 08:00:40.119" level="INFO">Typing text 'Timothy West' into text field 'xpath=//input[@name="displayName"]'.</msg>
<status status="PASS" starttime="20231210 08:00:40.118" endtime="20231210 08:00:40.652"/>
</kw>
<kw name="Click Element" library="SeleniumLibrary">
<arg>xpath=//label[@for="gender_option_male"]</arg>
<doc>Click the element identified by ``locator``.</doc>
<msg timestamp="20231210 08:00:40.657" level="INFO">Clicking element 'xpath=//label[@for="gender_option_male"]'.</msg>
<status status="PASS" starttime="20231210 08:00:40.652" endtime="20231210 08:00:40.807"/>
</kw>
<kw name="Click Element" library="SeleniumLibrary">
<arg>xpath=//button[@data-testid="submit"]</arg>
<doc>Click the element identified by ``locator``.</doc>
<msg timestamp="20231210 08:00:40.808" level="INFO">Clicking element 'xpath=//button[@data-testid="submit"]'.</msg>
<status status="PASS" starttime="20231210 08:00:40.807" endtime="20231210 08:00:41.005"/>
</kw>
<status status="PASS" starttime="20231210 08:00:40.024" endtime="20231210 08:00:41.006"/>
</kw>
<kw name="Message Error Must Have a Birth Date" library="base_sptf">
<kw name="Wait Until Element Is Visible" library="SeleniumLibrary">
<arg>xpath=//div[@id="birthdate-error-invalid"]</arg>
<arg>10</arg>
<doc>Waits until the element ``locator`` is visible.</doc>
<status status="PASS" starttime="20231210 08:00:41.007" endtime="20231210 08:00:41.060"/>
</kw>
<kw name="Page Should Contain" library="SeleniumLibrary">
<arg>Insira sua data de nascimento.</arg>
<doc>Verifies that current page contains ``text``.</doc>
<msg timestamp="20231210 08:00:41.089" level="INFO">Current page contains text 'Insira sua data de nascimento.'.</msg>
<status status="PASS" starttime="20231210 08:00:41.060" endtime="20231210 08:00:41.089"/>
</kw>
<status status="PASS" starttime="20231210 08:00:41.006" endtime="20231210 08:00:41.090"/>
</kw>
<tag>Regressao</tag>
<tag>signup_without_birthdate</tag>
<status status="PASS" starttime="20231210 08:00:25.305" endtime="20231210 08:00:41.090"/>
</test>
<test id="s1-t6" name="Signup Without Day" line="121">
<kw name="New session" library="base_sptf">
<kw name="Open Browser" library="SeleniumLibrary">
<arg>${url}</arg>
<arg>chrome</arg>
<doc>Opens a new browser instance to the optional ``url``.</doc>
<msg timestamp="20231210 08:00:41.094" level="INFO">Opening browser 'chrome' to base url 'https://open.spotify.com/intl-pt?'.</msg>
<status status="PASS" starttime="20231210 08:00:41.093" endtime="20231210 08:00:46.499"/>
</kw>
<status status="PASS" starttime="20231210 08:00:41.092" endtime="20231210 08:00:46.500"/>
</kw>
<kw name="Click on SignUp button" library="base_sptf">
<kw name="Wait Until Element Is Visible" library="SeleniumLibrary">
<arg>xpath=//button[@class="Button-sc-1dqy6lx-0 eOxaqu sibxBMlr_oxWTfBrEz2G"]</arg>
<arg>10</arg>
<doc>Waits until the element ``locator`` is visible.</doc>
<status status="PASS" starttime="20231210 08:00:46.501" endtime="20231210 08:00:46.983"/>
</kw>
<kw name="Click Element" library="SeleniumLibrary">
<arg>xpath=//button[@class="Button-sc-1dqy6lx-0 eOxaqu sibxBMlr_oxWTfBrEz2G"]</arg>
<doc>Click the element identified by ``locator``.</doc>
<msg timestamp="20231210 08:00:46.985" level="INFO">Clicking element 'xpath=//button[@class="Button-sc-1dqy6lx-0 eOxaqu sibxBMlr_oxWTfBrEz2G"]'.</msg>
<status status="PASS" starttime="20231210 08:00:46.984" endtime="20231210 08:00:48.066"/>
</kw>
<status status="PASS" starttime="20231210 08:00:46.500" endtime="20231210 08:00:48.066"/>
</kw>
<kw name="Page Should Contain" library="SeleniumLibrary">
<arg>Inscrever-se</arg>
<doc>Verifies that current page contains ``text``.</doc>
<msg timestamp="20231210 08:00:48.123" level="INFO">Current page contains text 'Inscrever-se'.</msg>
<status status="PASS" starttime="20231210 08:00:48.071" endtime="20231210 08:00:48.123"/>
</kw>
<kw name="SignUp With email" library="base_sptf">
<kw name="Wait Until Element Is Visible" library="SeleniumLibrary">
<arg>xpath=//input[@id="username"]</arg>
<arg>10</arg>
<doc>Waits until the element ``locator`` is visible.</doc>
<status status="PASS" starttime="20231210 08:00:48.124" endtime="20231210 08:00:52.728"/>
</kw>
<kw name="Email" library="FakerLibrary">
<var>${EMAILFAKE}</var>
<msg timestamp="20231210 08:00:52.729" level="INFO">${EMAILFAKE} = michaelcervantes@example.org</msg>
<status status="PASS" starttime="20231210 08:00:52.728" endtime="20231210 08:00:52.729"/>
</kw>
<kw name="Set Global Variable" library="BuiltIn">
<arg>${email}</arg>
<arg>${EMAILFAKE}</arg>
<doc>Makes a variable available globally in all tests and suites.</doc>
<msg timestamp="20231210 08:00:52.729" level="INFO">${email} = michaelcervantes@example.org</msg>
<status status="PASS" starttime="20231210 08:00:52.729" endtime="20231210 08:00:52.729"/>
</kw>
<kw name="Input Text" library="SeleniumLibrary">
<arg>xpath=//input[@id="username"]</arg>
<arg>${EMAILFAKE}</arg>
<doc>Types the given ``text`` into the text field identified by ``locator``.</doc>
<msg timestamp="20231210 08:00:52.730" level="INFO">Typing text 'michaelcervantes@example.org' into text field 'xpath=//input[@id="username"]'.</msg>
<status status="PASS" starttime="20231210 08:00:52.730" endtime="20231210 08:00:53.334"/>
</kw>
<status status="PASS" starttime="20231210 08:00:48.124" endtime="20231210 08:00:53.334"/>
</kw>
<kw name="Click on Submit Button" library="base_sptf">
<kw name="Sleep" library="BuiltIn">
<arg>1</arg>
<doc>Pauses the test executed for the given time.</doc>
<msg timestamp="20231210 08:00:54.336" level="INFO">Slept 1 second</msg>
<status status="PASS" starttime="20231210 08:00:53.335" endtime="20231210 08:00:54.336"/>
</kw>
<kw name="Click Element" library="SeleniumLibrary">
<arg>xpath=//button[@data-testid="submit"]</arg>
<doc>Click the element identified by ``locator``.</doc>
<msg timestamp="20231210 08:00:54.336" level="INFO">Clicking element 'xpath=//button[@data-testid="submit"]'.</msg>
<status status="PASS" starttime="20231210 08:00:54.336" endtime="20231210 08:00:54.484"/>
</kw>
<status status="PASS" starttime="20231210 08:00:53.334" endtime="20231210 08:00:54.485"/>
</kw>
<kw name="Page Should Contain" library="SeleniumLibrary">
<arg>Crie uma senha</arg>
<doc>Verifies that current page contains ``text``.</doc>
<msg timestamp="20231210 08:00:54.518" level="INFO">Current page contains text 'Crie uma senha'.</msg>
<status status="PASS" starttime="20231210 08:00:54.485" endtime="20231210 08:00:54.518"/>
</kw>
<kw name="Set up new password" library="base_sptf">
<kw name="Wait Until Element Is Visible" library="SeleniumLibrary">
<arg>xpath=//input[@id="new-password"]</arg>
<arg>10</arg>
<doc>Waits until the element ``locator`` is visible.</doc>
<status status="PASS" starttime="20231210 08:00:54.519" endtime="20231210 08:00:54.791"/>
</kw>
<kw name="Password" library="FakerLibrary">
<var>${PASSWORDFAKE}</var>
<doc>Generate a random password of the specified ``length``.</doc>
<msg timestamp="20231210 08:00:54.792" level="INFO">${PASSWORDFAKE} = ^SS662EkGi</msg>
<status status="PASS" starttime="20231210 08:00:54.791" endtime="20231210 08:00:54.792"/>
</kw>
<kw name="Set Global Variable" library="BuiltIn">
<arg>${password}</arg>
<arg>${PASSWORDFAKE}</arg>
<doc>Makes a variable available globally in all tests and suites.</doc>
<msg timestamp="20231210 08:00:54.792" level="INFO">${password} = ^SS662EkGi</msg>
<status status="PASS" starttime="20231210 08:00:54.792" endtime="20231210 08:00:54.792"/>
</kw>
<kw name="Input Text" library="SeleniumLibrary">
<arg>xpath=//input[@id="new-password"]</arg>
<arg>${PASSWORDFAKE}</arg>
<doc>Types the given ``text`` into the text field identified by ``locator``.</doc>
<msg timestamp="20231210 08:00:54.793" level="INFO">Typing text '^SS662EkGi' into text field 'xpath=//input[@id="new-password"]'.</msg>
<status status="PASS" starttime="20231210 08:00:54.792" endtime="20231210 08:00:55.065"/>
</kw>
<status status="PASS" starttime="20231210 08:00:54.519" endtime="20231210 08:00:55.065"/>
</kw>
<kw name="Click on Submit Button" library="base_sptf">
<kw name="Sleep" library="BuiltIn">
<arg>1</arg>
<doc>Pauses the test executed for the given time.</doc>
<msg timestamp="20231210 08:00:56.067" level="INFO">Slept 1 second</msg>
<status status="PASS" starttime="20231210 08:00:55.066" endtime="20231210 08:00:56.067"/>
</kw>
<kw name="Click Element" library="SeleniumLibrary">
<arg>xpath=//button[@data-testid="submit"]</arg>
<doc>Click the element identified by ``locator``.</doc>
<msg timestamp="20231210 08:00:56.067" level="INFO">Clicking element 'xpath=//button[@data-testid="submit"]'.</msg>
<status status="PASS" starttime="20231210 08:00:56.067" endtime="20231210 08:00:56.204"/>
</kw>
<status status="PASS" starttime="20231210 08:00:55.066" endtime="20231210 08:00:56.204"/>
</kw>
<kw name="Page Should Contain" library="SeleniumLibrary">
<arg>Fale de você</arg>
<doc>Verifies that current page contains ``text``.</doc>
<msg timestamp="20231210 08:00:56.246" level="INFO">Current page contains text 'Fale de você'.</msg>
<status status="PASS" starttime="20231210 08:00:56.204" endtime="20231210 08:00:56.246"/>
</kw>
<kw name="Must Insert a Day" library="base_sptf">
<kw name="Wait Until Element Is Visible" library="SeleniumLibrary">
<arg>xpath=//input[@name="displayName"]</arg>
<arg>10</arg>
<doc>Waits until the element ``locator`` is visible.</doc>
<status status="PASS" starttime="20231210 08:00:56.248" endtime="20231210 08:00:56.522"/>
</kw>
<kw name="Name" library="FakerLibrary">
<var>${NOMEFAKE}</var>
<doc>:example: 'John Doe'</doc>
<msg timestamp="20231210 08:00:56.524" level="INFO">${NOMEFAKE} = Denise Pacheco</msg>
<status status="PASS" starttime="20231210 08:00:56.522" endtime="20231210 08:00:56.524"/>
</kw>
<kw name="Input Text" library="SeleniumLibrary">
<arg>xpath=//input[@name="displayName"]</arg>
<arg>${NOMEFAKE}</arg>
<doc>Types the given ``text`` into the text field identified by ``locator``.</doc>
<msg timestamp="20231210 08:00:56.525" level="INFO">Typing text 'Denise Pacheco' into text field 'xpath=//input[@name="displayName"]'.</msg>
<status status="PASS" starttime="20231210 08:00:56.524" endtime="20231210 08:00:56.817"/>
</kw>
<kw name="Select From List By Label" library="SeleniumLibrary">
<arg>xpath=//select[@id="month"]</arg>
<arg>janeiro</arg>
<doc>Selects options from selection list ``locator`` by ``labels``.</doc>
<msg timestamp="20231210 08:00:56.817" level="INFO">Selecting options from selection list 'xpath=//select[@id="month"]' by label janeiro.</msg>
<status status="PASS" starttime="20231210 08:00:56.817" endtime="20231210 08:00:56.960"/>
</kw>
<kw name="Evaluate" library="BuiltIn">
<var>${random_year}</var>
<arg>random.randint(1900, 2005)</arg>
<doc>Evaluates the given expression in Python and returns the result.</doc>
<msg timestamp="20231210 08:00:56.960" level="INFO">${random_year} = 1952</msg>
<status status="PASS" starttime="20231210 08:00:56.960" endtime="20231210 08:00:56.960"/>
</kw>
<kw name="Input Text" library="SeleniumLibrary">
<arg>xpath=//input[@id="year"]</arg>
<arg>${random_year}</arg>
<doc>Types the given ``text`` into the text field identified by ``locator``.</doc>
<msg timestamp="20231210 08:00:56.961" level="INFO">Typing text '1952' into text field 'xpath=//input[@id="year"]'.</msg>
<status status="PASS" starttime="20231210 08:00:56.960" endtime="20231210 08:00:57.345"/>
</kw>
<kw name="Log" library="BuiltIn">
<arg>${random_year}</arg>
<doc>Logs the given message with the given level.</doc>
<msg timestamp="20231210 08:00:57.346" level="INFO">1952</msg>
<status status="PASS" starttime="20231210 08:00:57.346" endtime="20231210 08:00:57.346"/>
</kw>
<kw name="Click Element" library="SeleniumLibrary">
<arg>xpath=//label[@for="gender_option_male"]</arg>
<doc>Click the element identified by ``locator``.</doc>
<msg timestamp="20231210 08:00:57.348" level="INFO">Clicking element 'xpath=//label[@for="gender_option_male"]'.</msg>
<status status="PASS" starttime="20231210 08:00:57.346" endtime="20231210 08:00:57.585"/>
</kw>
<kw name="Click Element" library="SeleniumLibrary">
<arg>xpath=//button[@data-testid="submit"]</arg>
<doc>Click the element identified by ``locator``.</doc>
<msg timestamp="20231210 08:00:57.585" level="INFO">Clicking element 'xpath=//button[@data-testid="submit"]'.</msg>
<status status="PASS" starttime="20231210 08:00:57.585" endtime="20231210 08:00:57.765"/>
</kw>
<status status="PASS" starttime="20231210 08:00:56.247" endtime="20231210 08:00:57.765"/>
</kw>
<kw name="Message Error Must Insert a Day" library="base_sptf">
<kw name="Wait Until Element Is Visible" library="SeleniumLibrary">
<arg>xpath=//div[@id="birthdate-error-day_invalid"]</arg>
<arg>10</arg>
<doc>Waits until the element ``locator`` is visible.</doc>
<status status="PASS" starttime="20231210 08:00:57.766" endtime="20231210 08:00:57.818"/>
</kw>
<kw name="Page Should Contain" library="SeleniumLibrary">
<arg>Insira o dia que você nasceu usando um número entre 1 e 31.</arg>
<doc>Verifies that current page contains ``text``.</doc>
<msg timestamp="20231210 08:00:57.854" level="INFO">Current page contains text 'Insira o dia que você nasceu usando um número entre 1 e 31.'.</msg>
<status status="PASS" starttime="20231210 08:00:57.818" endtime="20231210 08:00:57.854"/>
</kw>
<status status="PASS" starttime="20231210 08:00:57.766" endtime="20231210 08:00:57.854"/>
</kw>
<tag>Regressao</tag>
<tag>signup_without_day</tag>
<status status="PASS" starttime="20231210 08:00:41.091" endtime="20231210 08:00:57.854"/>
</test>
<test id="s1-t7" name="Signup Without Month" line="140">
<kw name="New session" library="base_sptf">
<kw name="Open Browser" library="SeleniumLibrary">
<arg>${url}</arg>
<arg>chrome</arg>
<doc>Opens a new browser instance to the optional ``url``.</doc>
<msg timestamp="20231210 08:00:57.857" level="INFO">Opening browser 'chrome' to base url 'https://open.spotify.com/intl-pt?'.</msg>
<status status="PASS" starttime="20231210 08:00:57.856" endtime="20231210 08:01:03.735"/>
</kw>
<status status="PASS" starttime="20231210 08:00:57.856" endtime="20231210 08:01:03.735"/>
</kw>
<kw name="Click on SignUp button" library="base_sptf">
<kw name="Wait Until Element Is Visible" library="SeleniumLibrary">
<arg>xpath=//button[@class="Button-sc-1dqy6lx-0 eOxaqu sibxBMlr_oxWTfBrEz2G"]</arg>
<arg>10</arg>
<doc>Waits until the element ``locator`` is visible.</doc>
<status status="PASS" starttime="20231210 08:01:03.736" endtime="20231210 08:01:04.669"/>
</kw>
<kw name="Click Element" library="SeleniumLibrary">
<arg>xpath=//button[@class="Button-sc-1dqy6lx-0 eOxaqu sibxBMlr_oxWTfBrEz2G"]</arg>
<doc>Click the element identified by ``locator``.</doc>
<msg timestamp="20231210 08:01:04.672" level="INFO">Clicking element 'xpath=//button[@class="Button-sc-1dqy6lx-0 eOxaqu sibxBMlr_oxWTfBrEz2G"]'.</msg>
<status status="PASS" starttime="20231210 08:01:04.670" endtime="20231210 08:01:05.095"/>
</kw>
<status status="PASS" starttime="20231210 08:01:03.736" endtime="20231210 08:01:05.095"/>
</kw>
<kw name="Page Should Contain" library="SeleniumLibrary">
<arg>Inscrever-se</arg>
<doc>Verifies that current page contains ``text``.</doc>
<msg timestamp="20231210 08:01:05.142" level="INFO">Current page contains text 'Inscrever-se'.</msg>
<status status="PASS" starttime="20231210 08:01:05.096" endtime="20231210 08:01:05.142"/>
</kw>
<kw name="SignUp With email" library="base_sptf">
<kw name="Wait Until Element Is Visible" library="SeleniumLibrary">
<arg>xpath=//input[@id="username"]</arg>
<arg>10</arg>
<doc>Waits until the element ``locator`` is visible.</doc>
<status status="PASS" starttime="20231210 08:01:05.143" endtime="20231210 08:01:10.215"/>
</kw>
<kw name="Email" library="FakerLibrary">
<var>${EMAILFAKE}</var>
<msg timestamp="20231210 08:01:10.217" level="INFO">${EMAILFAKE} = williamsbradley@example.com</msg>
<status status="PASS" starttime="20231210 08:01:10.216" endtime="20231210 08:01:10.218"/>
</kw>
<kw name="Set Global Variable" library="BuiltIn">
<arg>${email}</arg>
<arg>${EMAILFAKE}</arg>
<doc>Makes a variable available globally in all tests and suites.</doc>
<msg timestamp="20231210 08:01:10.219" level="INFO">${email} = williamsbradley@example.com</msg>
<status status="PASS" starttime="20231210 08:01:10.218" endtime="20231210 08:01:10.219"/>
</kw>
<kw name="Input Text" library="SeleniumLibrary">
<arg>xpath=//input[@id="username"]</arg>
<arg>${EMAILFAKE}</arg>
<doc>Types the given ``text`` into the text field identified by ``locator``.</doc>
<msg timestamp="20231210 08:01:10.221" level="INFO">Typing text 'williamsbradley@example.com' into text field 'xpath=//input[@id="username"]'.</msg>
<status status="PASS" starttime="20231210 08:01:10.219" endtime="20231210 08:01:11.335"/>
</kw>
<status status="PASS" starttime="20231210 08:01:05.142" endtime="20231210 08:01:11.336"/>
</kw>
<kw name="Click on Submit Button" library="base_sptf">
<kw name="Sleep" library="BuiltIn">
<arg>1</arg>
<doc>Pauses the test executed for the given time.</doc>
<msg timestamp="20231210 08:01:12.338" level="INFO">Slept 1 second</msg>
<status status="PASS" starttime="20231210 08:01:11.337" endtime="20231210 08:01:12.338"/>
</kw>
<kw name="Click Element" library="SeleniumLibrary">
<arg>xpath=//button[@data-testid="submit"]</arg>
<doc>Click the element identified by ``locator``.</doc>
<msg timestamp="20231210 08:01:12.340" level="INFO">Clicking element 'xpath=//button[@data-testid="submit"]'.</msg>
<status status="PASS" starttime="20231210 08:01:12.338" endtime="20231210 08:01:12.739"/>
</kw>
<status status="PASS" starttime="20231210 08:01:11.337" endtime="20231210 08:01:12.739"/>
</kw>
<kw name="Page Should Contain" library="SeleniumLibrary">
<arg>Crie uma senha</arg>
<doc>Verifies that current page contains ``text``.</doc>
<msg timestamp="20231210 08:01:12.856" level="INFO">Current page contains text 'Crie uma senha'.</msg>
<status status="PASS" starttime="20231210 08:01:12.740" endtime="20231210 08:01:12.857"/>
</kw>
<kw name="Set up new password" library="base_sptf">
<kw name="Wait Until Element Is Visible" library="SeleniumLibrary">
<arg>xpath=//input[@id="new-password"]</arg>
<arg>10</arg>
<doc>Waits until the element ``locator`` is visible.</doc>
<status status="PASS" starttime="20231210 08:01:12.858" endtime="20231210 08:01:12.935"/>
</kw>
<kw name="Password" library="FakerLibrary">
<var>${PASSWORDFAKE}</var>
<doc>Generate a random password of the specified ``length``.</doc>
<msg timestamp="20231210 08:01:12.936" level="INFO">${PASSWORDFAKE} = !b_86Yyy!p</msg>
<status status="PASS" starttime="20231210 08:01:12.935" endtime="20231210 08:01:12.936"/>
</kw>
<kw name="Set Global Variable" library="BuiltIn">
<arg>${password}</arg>
<arg>${PASSWORDFAKE}</arg>
<doc>Makes a variable available globally in all tests and suites.</doc>
<msg timestamp="20231210 08:01:12.937" level="INFO">${password} = !b_86Yyy!p</msg>
<status status="PASS" starttime="20231210 08:01:12.936" endtime="20231210 08:01:12.937"/>
</kw>
<kw name="Input Text" library="SeleniumLibrary">
<arg>xpath=//input[@id="new-password"]</arg>
<arg>${PASSWORDFAKE}</arg>
<doc>Types the given ``text`` into the text field identified by ``locator``.</doc>
<msg timestamp="20231210 08:01:12.938" level="INFO">Typing text '!b_86Yyy!p' into text field 'xpath=//input[@id="new-password"]'.</msg>
<status status="PASS" starttime="20231210 08:01:12.937" endtime="20231210 08:01:13.292"/>
</kw>
<status status="PASS" starttime="20231210 08:01:12.857" endtime="20231210 08:01:13.292"/>
</kw>
<kw name="Click on Submit Button" library="base_sptf">
<kw name="Sleep" library="BuiltIn">
<arg>1</arg>
<doc>Pauses the test executed for the given time.</doc>
<msg timestamp="20231210 08:01:14.293" level="INFO">Slept 1 second</msg>
<status status="PASS" starttime="20231210 08:01:13.293" endtime="20231210 08:01:14.293"/>
</kw>
<kw name="Click Element" library="SeleniumLibrary">
<arg>xpath=//button[@data-testid="submit"]</arg>
<doc>Click the element identified by ``locator``.</doc>
<msg timestamp="20231210 08:01:14.293" level="INFO">Clicking element 'xpath=//button[@data-testid="submit"]'.</msg>
<status status="PASS" starttime="20231210 08:01:14.293" endtime="20231210 08:01:14.440"/>
</kw>
<status status="PASS" starttime="20231210 08:01:13.292" endtime="20231210 08:01:14.440"/>
</kw>
<kw name="Page Should Contain" library="SeleniumLibrary">
<arg>Fale de você</arg>
<doc>Verifies that current page contains ``text``.</doc>
<msg timestamp="20231210 08:01:14.471" level="INFO">Current page contains text 'Fale de você'.</msg>
<status status="PASS" starttime="20231210 08:01:14.441" endtime="20231210 08:01:14.471"/>
</kw>
<kw name="Select a Month" library="base_sptf">
<kw name="Wait Until Element Is Visible" library="SeleniumLibrary">
<arg>xpath=//input[@name="displayName"]</arg>
<arg>10</arg>
<doc>Waits until the element ``locator`` is visible.</doc>
<status status="PASS" starttime="20231210 08:01:14.472" endtime="20231210 08:01:14.764"/>
</kw>
<kw name="Name" library="FakerLibrary">
<var>${NOMEFAKE}</var>
<doc>:example: 'John Doe'</doc>
<msg timestamp="20231210 08:01:14.765" level="INFO">${NOMEFAKE} = Thomas Valenzuela</msg>
<status status="PASS" starttime="20231210 08:01:14.764" endtime="20231210 08:01:14.765"/>
</kw>
<kw name="Input Text" library="SeleniumLibrary">
<arg>xpath=//input[@name="displayName"]</arg>
<arg>${NOMEFAKE}</arg>
<doc>Types the given ``text`` into the text field identified by ``locator``.</doc>
<msg timestamp="20231210 08:01:14.767" level="INFO">Typing text 'Thomas Valenzuela' into text field 'xpath=//input[@name="displayName"]'.</msg>
<status status="PASS" starttime="20231210 08:01:14.766" endtime="20231210 08:01:15.209"/>
</kw>
<kw name="Date" library="FakerLibrary">
<var>${DATAFAKE}</var>
<doc>Get a date string between January 1, 1970 and now.</doc>
<msg timestamp="20231210 08:01:15.214" level="INFO">${DATAFAKE} = 2012-06-04</msg>
<status status="PASS" starttime="20231210 08:01:15.209" endtime="20231210 08:01:15.215"/>
</kw>
<kw name="Input Text" library="SeleniumLibrary">
<arg>xpath=//input[@id="day"]</arg>
<arg>${DATAFAKE}</arg>
<doc>Types the given ``text`` into the text field identified by ``locator``.</doc>
<msg timestamp="20231210 08:01:15.216" level="INFO">Typing text '2012-06-04' into text field 'xpath=//input[@id="day"]'.</msg>
<status status="PASS" starttime="20231210 08:01:15.215" endtime="20231210 08:01:15.534"/>
</kw>
<kw name="Evaluate" library="BuiltIn">
<var>${random_year}</var>
<arg>random.randint(1900, 2005)</arg>
<doc>Evaluates the given expression in Python and returns the result.</doc>
<msg timestamp="20231210 08:01:15.535" level="INFO">${random_year} = 1975</msg>
<status status="PASS" starttime="20231210 08:01:15.534" endtime="20231210 08:01:15.535"/>
</kw>
<kw name="Input Text" library="SeleniumLibrary">
<arg>xpath=//input[@id="year"]</arg>
<arg>${random_year}</arg>
<doc>Types the given ``text`` into the text field identified by ``locator``.</doc>
<msg timestamp="20231210 08:01:15.537" level="INFO">Typing text '1975' into text field 'xpath=//input[@id="year"]'.</msg>
<status status="PASS" starttime="20231210 08:01:15.535" endtime="20231210 08:01:16.041"/>
</kw>
<kw name="Log" library="BuiltIn">
<arg>${random_year}</arg>
<doc>Logs the given message with the given level.</doc>
<msg timestamp="20231210 08:01:16.042" level="INFO">1975</msg>
<status status="PASS" starttime="20231210 08:01:16.041" endtime="20231210 08:01:16.042"/>
</kw>
<kw name="Click Element" library="SeleniumLibrary">
<arg>xpath=//label[@for="gender_option_male"]</arg>
<doc>Click the element identified by ``locator``.</doc>
<msg timestamp="20231210 08:01:16.043" level="INFO">Clicking element 'xpath=//label[@for="gender_option_male"]'.</msg>
<status status="PASS" starttime="20231210 08:01:16.042" endtime="20231210 08:01:16.252"/>
</kw>
<kw name="Click Element" library="SeleniumLibrary">
<arg>xpath=//button[@data-testid="submit"]</arg>
<doc>Click the element identified by ``locator``.</doc>
<msg timestamp="20231210 08:01:16.253" level="INFO">Clicking element 'xpath=//button[@data-testid="submit"]'.</msg>
<status status="PASS" starttime="20231210 08:01:16.252" endtime="20231210 08:01:16.433"/>
</kw>
<status status="PASS" starttime="20231210 08:01:14.472" endtime="20231210 08:01:16.434"/>
</kw>
<kw name="Message Error Select a Month" library="base_sptf">
<kw name="Wait Until Element Is Visible" library="SeleniumLibrary">
<arg>xpath=//div[@id="birthdate-error-month_invalid"]</arg>
<arg>10</arg>
<doc>Waits until the element ``locator`` is visible.</doc>
<status status="PASS" starttime="20231210 08:01:16.435" endtime="20231210 08:01:16.492"/>
</kw>
<kw name="Page Should Contain" library="SeleniumLibrary">
<arg>Selecione o mês de nascimento.</arg>
<doc>Verifies that current page contains ``text``.</doc>
<msg timestamp="20231210 08:01:16.525" level="INFO">Current page contains text 'Selecione o mês de nascimento.'.</msg>
<status status="PASS" starttime="20231210 08:01:16.492" endtime="20231210 08:01:16.525"/>
</kw>
<status status="PASS" starttime="20231210 08:01:16.434" endtime="20231210 08:01:16.525"/>
</kw>
<tag>Regressao</tag>
<tag>signup_without_month</tag>
<status status="PASS" starttime="20231210 08:00:57.855" endtime="20231210 08:01:16.525"/>
</test>
<test id="s1-t8" name="Signup Without Gender" line="159">
<kw name="New session" library="base_sptf">
<kw name="Open Browser" library="SeleniumLibrary">
<arg>${url}</arg>
<arg>chrome</arg>
<doc>Opens a new browser instance to the optional ``url``.</doc>
<msg timestamp="20231210 08:01:16.527" level="INFO">Opening browser 'chrome' to base url 'https://open.spotify.com/intl-pt?'.</msg>
<status status="PASS" starttime="20231210 08:01:16.527" endtime="20231210 08:01:22.208"/>
</kw>
<status status="PASS" starttime="20231210 08:01:16.526" endtime="20231210 08:01:22.208"/>
</kw>
<kw name="Click on SignUp button" library="base_sptf">
<kw name="Wait Until Element Is Visible" library="SeleniumLibrary">
<arg>xpath=//button[@class="Button-sc-1dqy6lx-0 eOxaqu sibxBMlr_oxWTfBrEz2G"]</arg>
<arg>10</arg>
<doc>Waits until the element ``locator`` is visible.</doc>
<status status="PASS" starttime="20231210 08:01:22.209" endtime="20231210 08:01:22.544"/>
</kw>
<kw name="Click Element" library="SeleniumLibrary">
<arg>xpath=//button[@class="Button-sc-1dqy6lx-0 eOxaqu sibxBMlr_oxWTfBrEz2G"]</arg>
<doc>Click the element identified by ``locator``.</doc>
<msg timestamp="20231210 08:01:22.546" level="INFO">Clicking element 'xpath=//button[@class="Button-sc-1dqy6lx-0 eOxaqu sibxBMlr_oxWTfBrEz2G"]'.</msg>
<status status="PASS" starttime="20231210 08:01:22.544" endtime="20231210 08:01:24.066"/>
</kw>
<status status="PASS" starttime="20231210 08:01:22.209" endtime="20231210 08:01:24.066"/>
</kw>
<kw name="Page Should Contain" library="SeleniumLibrary">
<arg>Inscrever-se</arg>
<doc>Verifies that current page contains ``text``.</doc>
<msg timestamp="20231210 08:01:24.133" level="INFO">Current page contains text 'Inscrever-se'.</msg>
<status status="PASS" starttime="20231210 08:01:24.067" endtime="20231210 08:01:24.133"/>
</kw>
<kw name="SignUp With email" library="base_sptf">
<kw name="Wait Until Element Is Visible" library="SeleniumLibrary">
<arg>xpath=//input[@id="username"]</arg>
<arg>10</arg>
<doc>Waits until the element ``locator`` is visible.</doc>
<status status="PASS" starttime="20231210 08:01:24.137" endtime="20231210 08:01:28.623"/>
</kw>
<kw name="Email" library="FakerLibrary">
<var>${EMAILFAKE}</var>
<msg timestamp="20231210 08:01:28.626" level="INFO">${EMAILFAKE} = tylerross@example.com</msg>
<status status="PASS" starttime="20231210 08:01:28.624" endtime="20231210 08:01:28.626"/>
</kw>
<kw name="Set Global Variable" library="BuiltIn">
<arg>${email}</arg>
<arg>${EMAILFAKE}</arg>
<doc>Makes a variable available globally in all tests and suites.</doc>
<msg timestamp="20231210 08:01:28.627" level="INFO">${email} = tylerross@example.com</msg>
<status status="PASS" starttime="20231210 08:01:28.627" endtime="20231210 08:01:28.627"/>
</kw>
<kw name="Input Text" library="SeleniumLibrary">
<arg>xpath=//input[@id="username"]</arg>
<arg>${EMAILFAKE}</arg>
<doc>Types the given ``text`` into the text field identified by ``locator``.</doc>
<msg timestamp="20231210 08:01:28.629" level="INFO">Typing text 'tylerross@example.com' into text field 'xpath=//input[@id="username"]'.</msg>
<status status="PASS" starttime="20231210 08:01:28.628" endtime="20231210 08:01:29.366"/>
</kw>
<status status="PASS" starttime="20231210 08:01:24.135" endtime="20231210 08:01:29.366"/>
</kw>
<kw name="Click on Submit Button" library="base_sptf">
<kw name="Sleep" library="BuiltIn">
<arg>1</arg>
<doc>Pauses the test executed for the given time.</doc>
<msg timestamp="20231210 08:01:30.367" level="INFO">Slept 1 second</msg>
<status status="PASS" starttime="20231210 08:01:29.367" endtime="20231210 08:01:30.367"/>
</kw>
<kw name="Click Element" library="SeleniumLibrary">
<arg>xpath=//button[@data-testid="submit"]</arg>
<doc>Click the element identified by ``locator``.</doc>
<msg timestamp="20231210 08:01:30.368" level="INFO">Clicking element 'xpath=//button[@data-testid="submit"]'.</msg>
<status status="PASS" starttime="20231210 08:01:30.367" endtime="20231210 08:01:30.575"/>
</kw>
<status status="PASS" starttime="20231210 08:01:29.366" endtime="20231210 08:01:30.575"/>
</kw>
<kw name="Page Should Contain" library="SeleniumLibrary">
<arg>Crie uma senha</arg>
<doc>Verifies that current page contains ``text``.</doc>
<msg timestamp="20231210 08:01:30.671" level="INFO">Current page contains text 'Crie uma senha'.</msg>
<status status="PASS" starttime="20231210 08:01:30.576" endtime="20231210 08:01:30.671"/>
</kw>
<kw name="Set up new password" library="base_sptf">
<kw name="Wait Until Element Is Visible" library="SeleniumLibrary">
<arg>xpath=//input[@id="new-password"]</arg>
<arg>10</arg>
<doc>Waits until the element ``locator`` is visible.</doc>
<status status="PASS" starttime="20231210 08:01:30.673" endtime="20231210 08:01:30.757"/>
</kw>
<kw name="Password" library="FakerLibrary">
<var>${PASSWORDFAKE}</var>
<doc>Generate a random password of the specified ``length``.</doc>
<msg timestamp="20231210 08:01:30.757" level="INFO">${PASSWORDFAKE} = A*%0WRxzmg</msg>
<status status="PASS" starttime="20231210 08:01:30.757" endtime="20231210 08:01:30.757"/>
</kw>
<kw name="Set Global Variable" library="BuiltIn">
<arg>${password}</arg>
<arg>${PASSWORDFAKE}</arg>
<doc>Makes a variable available globally in all tests and suites.</doc>
<msg timestamp="20231210 08:01:30.758" level="INFO">${password} = A*%0WRxzmg</msg>
<status status="PASS" starttime="20231210 08:01:30.758" endtime="20231210 08:01:30.758"/>
</kw>
<kw name="Input Text" library="SeleniumLibrary">
<arg>xpath=//input[@id="new-password"]</arg>
<arg>${PASSWORDFAKE}</arg>
<doc>Types the given ``text`` into the text field identified by ``locator``.</doc>
<msg timestamp="20231210 08:01:30.759" level="INFO">Typing text 'A*%0WRxzmg' into text field 'xpath=//input[@id="new-password"]'.</msg>
<status status="PASS" starttime="20231210 08:01:30.758" endtime="20231210 08:01:31.199"/>
</kw>
<status status="PASS" starttime="20231210 08:01:30.672" endtime="20231210 08:01:31.199"/>
</kw>
<kw name="Click on Submit Button" library="base_sptf">
<kw name="Sleep" library="BuiltIn">
<arg>1</arg>
<doc>Pauses the test executed for the given time.</doc>
<msg timestamp="20231210 08:01:32.200" level="INFO">Slept 1 second</msg>
<status status="PASS" starttime="20231210 08:01:31.200" endtime="20231210 08:01:32.200"/>
</kw>
<kw name="Click Element" library="SeleniumLibrary">
<arg>xpath=//button[@data-testid="submit"]</arg>
<doc>Click the element identified by ``locator``.</doc>
<msg timestamp="20231210 08:01:32.202" level="INFO">Clicking element 'xpath=//button[@data-testid="submit"]'.</msg>
<status status="PASS" starttime="20231210 08:01:32.201" endtime="20231210 08:01:32.362"/>
</kw>
<status status="PASS" starttime="20231210 08:01:31.200" endtime="20231210 08:01:32.362"/>
</kw>
<kw name="Page Should Contain" library="SeleniumLibrary">
<arg>Fale de você</arg>
<doc>Verifies that current page contains ``text``.</doc>
<msg timestamp="20231210 08:01:32.395" level="INFO">Current page contains text 'Fale de você'.</msg>
<status status="PASS" starttime="20231210 08:01:32.363" endtime="20231210 08:01:32.395"/>
</kw>
<kw name="Must Select a Gender" library="base_sptf">
<kw name="Wait Until Element Is Visible" library="SeleniumLibrary">
<arg>xpath=//input[@name="displayName"]</arg>
<arg>10</arg>
<doc>Waits until the element ``locator`` is visible.</doc>
<status status="PASS" starttime="20231210 08:01:32.396" endtime="20231210 08:01:32.672"/>
</kw>
<kw name="Name" library="FakerLibrary">
<var>${NOMEFAKE}</var>
<doc>:example: 'John Doe'</doc>
<msg timestamp="20231210 08:01:32.673" level="INFO">${NOMEFAKE} = Leslie Graham</msg>
<status status="PASS" starttime="20231210 08:01:32.673" endtime="20231210 08:01:32.673"/>
</kw>
<kw name="Input Text" library="SeleniumLibrary">
<arg>xpath=//input[@name="displayName"]</arg>
<arg>${NOMEFAKE}</arg>
<doc>Types the given ``text`` into the text field identified by ``locator``.</doc>
<msg timestamp="20231210 08:01:32.674" level="INFO">Typing text 'Leslie Graham' into text field 'xpath=//input[@name="displayName"]'.</msg>
<status status="PASS" starttime="20231210 08:01:32.673" endtime="20231210 08:01:32.929"/>
</kw>
<kw name="Date" library="FakerLibrary">
<var>${DATAFAKE}</var>
<doc>Get a date string between January 1, 1970 and now.</doc>
<msg timestamp="20231210 08:01:32.929" level="INFO">${DATAFAKE} = 1995-11-04</msg>
<status status="PASS" starttime="20231210 08:01:32.929" endtime="20231210 08:01:32.930"/>
</kw>
<kw name="Input Text" library="SeleniumLibrary">
<arg>xpath=//input[@id="day"]</arg>
<arg>${DATAFAKE}</arg>
<doc>Types the given ``text`` into the text field identified by ``locator``.</doc>
<msg timestamp="20231210 08:01:32.930" level="INFO">Typing text '1995-11-04' into text field 'xpath=//input[@id="day"]'.</msg>
<status status="PASS" starttime="20231210 08:01:32.930" endtime="20231210 08:01:33.084"/>
</kw>
<kw name="Select From List By Label" library="SeleniumLibrary">
<arg>xpath=//select[@id="month"]</arg>
<arg>janeiro</arg>
<doc>Selects options from selection list ``locator`` by ``labels``.</doc>
<msg timestamp="20231210 08:01:33.084" level="INFO">Selecting options from selection list 'xpath=//select[@id="month"]' by label janeiro.</msg>
<status status="PASS" starttime="20231210 08:01:33.084" endtime="20231210 08:01:33.369"/>
</kw>
<kw name="Evaluate" library="BuiltIn">
<var>${random_year}</var>
<arg>random.randint(1900, 2005)</arg>
<doc>Evaluates the given expression in Python and returns the result.</doc>
<msg timestamp="20231210 08:01:33.370" level="INFO">${random_year} = 1923</msg>
<status status="PASS" starttime="20231210 08:01:33.369" endtime="20231210 08:01:33.370"/>
</kw>
<kw name="Input Text" library="SeleniumLibrary">
<arg>xpath=//input[@id="year"]</arg>
<arg>${random_year}</arg>
<doc>Types the given ``text`` into the text field identified by ``locator``.</doc>
<msg timestamp="20231210 08:01:33.372" level="INFO">Typing text '1923' into text field 'xpath=//input[@id="year"]'.</msg>
<status status="PASS" starttime="20231210 08:01:33.370" endtime="20231210 08:01:33.667"/>
</kw>
<kw name="Log" library="BuiltIn">
<arg>${random_year}</arg>
<doc>Logs the given message with the given level.</doc>
<msg timestamp="20231210 08:01:33.667" level="INFO">1923</msg>
<status status="PASS" starttime="20231210 08:01:33.667" endtime="20231210 08:01:33.668"/>
</kw>
<kw name="Click Element" library="SeleniumLibrary">
<arg>xpath=//button[@data-testid="submit"]</arg>
<doc>Click the element identified by ``locator``.</doc>
<msg timestamp="20231210 08:01:33.669" level="INFO">Clicking element 'xpath=//button[@data-testid="submit"]'.</msg>
<status status="PASS" starttime="20231210 08:01:33.668" endtime="20231210 08:01:33.823"/>
</kw>
<status status="PASS" starttime="20231210 08:01:32.395" endtime="20231210 08:01:33.824"/>
</kw>
<kw name="Message Error Must Select a Gender" library="base_sptf">
<kw name="Wait Until Element Is Visible" library="SeleniumLibrary">
<arg>xpath=//div[@id="gender-error-message"]</arg>
<arg>10</arg>
<doc>Waits until the element ``locator`` is visible.</doc>
<status status="PASS" starttime="20231210 08:01:33.824" endtime="20231210 08:01:33.881"/>
</kw>
<kw name="Page Should Contain" library="SeleniumLibrary">
<arg>Selecione seu gênero</arg>
<doc>Verifies that current page contains ``text``.</doc>
<msg timestamp="20231210 08:01:33.918" level="INFO">Current page contains text 'Selecione seu gênero'.</msg>
<status status="PASS" starttime="20231210 08:01:33.882" endtime="20231210 08:01:33.918"/>
</kw>
<status status="PASS" starttime="20231210 08:01:33.824" endtime="20231210 08:01:33.918"/>
</kw>
<tag>Regressao</tag>
<tag>signup_without_gender</tag>
<status status="PASS" starttime="20231210 08:01:16.526" endtime="20231210 08:01:33.919"/>
</test>
<test id="s1-t9" name="Register Without Agree with Terms" line="178">
<kw name="New session" library="base_sptf">
<kw name="Open Browser" library="SeleniumLibrary">
<arg>${url}</arg>
<arg>chrome</arg>
<doc>Opens a new browser instance to the optional ``url``.</doc>
<msg timestamp="20231210 08:01:33.923" level="INFO">Opening browser 'chrome' to base url 'https://open.spotify.com/intl-pt?'.</msg>
<status status="PASS" starttime="20231210 08:01:33.921" endtime="20231210 08:01:36.471"/>
</kw>
<status status="PASS" starttime="20231210 08:01:33.921" endtime="20231210 08:01:36.472"/>
</kw>
<kw name="Click on SignUp button" library="base_sptf">
<kw name="Wait Until Element Is Visible" library="SeleniumLibrary">
<arg>xpath=//button[@class="Button-sc-1dqy6lx-0 eOxaqu sibxBMlr_oxWTfBrEz2G"]</arg>
<arg>10</arg>
<doc>Waits until the element ``locator`` is visible.</doc>
<status status="PASS" starttime="20231210 08:01:36.474" endtime="20231210 08:01:41.235"/>
</kw>
<kw name="Click Element" library="SeleniumLibrary">
<arg>xpath=//button[@class="Button-sc-1dqy6lx-0 eOxaqu sibxBMlr_oxWTfBrEz2G"]</arg>
<doc>Click the element identified by ``locator``.</doc>
<msg timestamp="20231210 08:01:41.237" level="INFO">Clicking element 'xpath=//button[@class="Button-sc-1dqy6lx-0 eOxaqu sibxBMlr_oxWTfBrEz2G"]'.</msg>
<status status="PASS" starttime="20231210 08:01:41.236" endtime="20231210 08:01:41.721"/>
</kw>
<status status="PASS" starttime="20231210 08:01:36.473" endtime="20231210 08:01:41.722"/>
</kw>
<kw name="Page Should Contain" library="SeleniumLibrary">
<arg>Inscrever-se</arg>
<doc>Verifies that current page contains ``text``.</doc>
<msg timestamp="20231210 08:01:41.853" level="INFO">Current page contains text 'Inscrever-se'.</msg>
<status status="PASS" starttime="20231210 08:01:41.735" endtime="20231210 08:01:41.854"/>
</kw>
<kw name="SignUp With email" library="base_sptf">
<kw name="Wait Until Element Is Visible" library="SeleniumLibrary">
<arg>xpath=//input[@id="username"]</arg>
<arg>10</arg>
<doc>Waits until the element ``locator`` is visible.</doc>
<status status="PASS" starttime="20231210 08:01:41.855" endtime="20231210 08:01:46.329"/>
</kw>
<kw name="Email" library="FakerLibrary">
<var>${EMAILFAKE}</var>
<msg timestamp="20231210 08:01:46.330" level="INFO">${EMAILFAKE} = efletcher@example.com</msg>
<status status="PASS" starttime="20231210 08:01:46.329" endtime="20231210 08:01:46.330"/>
</kw>
<kw name="Set Global Variable" library="BuiltIn">
<arg>${email}</arg>
<arg>${EMAILFAKE}</arg>
<doc>Makes a variable available globally in all tests and suites.</doc>
<msg timestamp="20231210 08:01:46.331" level="INFO">${email} = efletcher@example.com</msg>
<status status="PASS" starttime="20231210 08:01:46.331" endtime="20231210 08:01:46.332"/>
</kw>
<kw name="Input Text" library="SeleniumLibrary">
<arg>xpath=//input[@id="username"]</arg>
<arg>${EMAILFAKE}</arg>
<doc>Types the given ``text`` into the text field identified by ``locator``.</doc>
<msg timestamp="20231210 08:01:46.333" level="INFO">Typing text 'efletcher@example.com' into text field 'xpath=//input[@id="username"]'.</msg>
<status status="PASS" starttime="20231210 08:01:46.332" endtime="20231210 08:01:47.809"/>
</kw>
<status status="PASS" starttime="20231210 08:01:41.854" endtime="20231210 08:01:47.809"/>
</kw>
<kw name="Click on Submit Button" library="base_sptf">
<kw name="Sleep" library="BuiltIn">
<arg>1</arg>
<doc>Pauses the test executed for the given time.</doc>
<msg timestamp="20231210 08:01:48.813" level="INFO">Slept 1 second</msg>
[...]
<kw name="Finish sign up" library="base_sptf">
<kw name="Wait Until Element Is Visible" library="SeleniumLibrary">
<arg>xpath=//input[@name="displayName"]</arg>
<arg>10</arg>
<doc>Waits until the element ``locator`` is visible.</doc>
<status status="PASS" starttime="20231210 08:02:12.354" endtime="20231210 08:02:12.629"/>
</kw>
<kw name="Name" library="FakerLibrary">
<var>${NOMEFAKE}</var>
<doc>:example: 'John Doe'</doc>
<msg timestamp="20231210 08:02:12.631" level="INFO">${NOMEFAKE} = Stacy Warren</msg>
<status status="PASS" starttime="20231210 08:02:12.630" endtime="20231210 08:02:12.631"/>
</kw>
<kw name="Input Text" library="SeleniumLibrary">
<arg>xpath=//input[@name="displayName"]</arg>
<arg>${NOMEFAKE}</arg>
<doc>Types the given ``text`` into the text field identified by ``locator``.</doc>
<msg timestamp="20231210 08:02:12.632" level="INFO">Typing text 'Stacy Warren' into text field 'xpath=//input[@name="displayName"]'.</msg>
<status status="PASS" starttime="20231210 08:02:12.631" endtime="20231210 08:02:12.926"/>
</kw>
<kw name="Date" library="FakerLibrary">
<var>${DATAFAKE}</var>
<doc>Get a date string between January 1, 1970 and now.</doc>
<msg timestamp="20231210 08:02:12.927" level="INFO">${DATAFAKE} = 2011-09-26</msg>
<status status="PASS" starttime="20231210 08:02:12.926" endtime="20231210 08:02:12.927"/>
</kw>
<kw name="Input Text" library="SeleniumLibrary">
<arg>xpath=//input[@id="day"]</arg>
<arg>${DATAFAKE}</arg>
<doc>Types the given ``text`` into the text field identified by ``locator``.</doc>
<msg timestamp="20231210 08:02:12.928" level="INFO">Typing text '2011-09-26' into text field 'xpath=//input[@id="day"]'.</msg>
<status status="PASS" starttime="20231210 08:02:12.927" endtime="20231210 08:02:13.118"/>
</kw>
<kw name="Select From List By Label" library="SeleniumLibrary">
<arg>xpath=//select[@id="month"]</arg>
<arg>janeiro</arg>
<doc>Selects options from selection list ``locator`` by ``labels``.</doc>
<msg timestamp="20231210 08:02:13.119" level="INFO">Selecting options from selection list 'xpath=//select[@id="month"]' by label janeiro.</msg>
<status status="PASS" starttime="20231210 08:02:13.118" endtime="20231210 08:02:13.430"/>
</kw>
<kw name="Evaluate" library="BuiltIn">
<var>${random_year}</var>
<arg>random.randint(1900, 2005)</arg>
<doc>Evaluates the given expression in Python and returns the result.</doc>
<msg timestamp="20231210 08:02:13.430" level="INFO">${random_year} = 1985</msg>
<status status="PASS" starttime="20231210 08:02:13.430" endtime="20231210 08:02:13.430"/>
</kw>
<kw name="Input Text" library="SeleniumLibrary">
<arg>xpath=//input[@id="year"]</arg>
<arg>${random_year}</arg>
<doc>Types the given ``text`` into the text field identified by ``locator``.</doc>
<msg timestamp="20231210 08:02:13.431" level="INFO">Typing text '1985' into text field 'xpath=//input[@id="year"]'.</msg>
<status status="PASS" starttime="20231210 08:02:13.430" endtime="20231210 08:02:13.734"/>
</kw>
<kw name="Log" library="BuiltIn">
<arg>${random_year}</arg>
<doc>Logs the given message with the given level.</doc>
<msg timestamp="20231210 08:02:13.735" level="INFO">1985</msg>
<status status="PASS" starttime="20231210 08:02:13.734" endtime="20231210 08:02:13.735"/>
</kw>
<kw name="Click Element" library="SeleniumLibrary">
<arg>xpath=//label[@for="gender_option_male"]</arg>
<doc>Click the element identified by ``locator``.</doc>
<msg timestamp="20231210 08:02:13.737" level="INFO">Clicking element 'xpath=//label[@for="gender_option_male"]'.</msg>
<status status="PASS" starttime="20231210 08:02:13.735" endtime="20231210 08:02:13.923"/>
</kw>
<status status="PASS" starttime="20231210 08:02:12.354" endtime="20231210 08:02:13.923"/>
</kw>
<kw name="Click on Submit Button" library="base_sptf">
<kw name="Sleep" library="BuiltIn">
<arg>1</arg>
<doc>Pauses the test executed for the given time.</doc>
<msg timestamp="20231210 08:02:14.925" level="INFO">Slept 1 second</msg>
<status status="PASS" starttime="20231210 08:02:13.924" endtime="20231210 08:02:14.925"/>
</kw>
<kw name="Click Element" library="SeleniumLibrary">
<arg>xpath=//button[@data-testid="submit"]</arg>
<doc>Click the element identified by ``locator``.</doc>
<msg timestamp="20231210 08:02:14.926" level="INFO">Clicking element 'xpath=//button[@data-testid="submit"]'.</msg>
<status status="PASS" starttime="20231210 08:02:14.925" endtime="20231210 08:02:15.108"/>
</kw>
<status status="PASS" starttime="20231210 08:02:13.924" endtime="20231210 08:02:15.109"/>
</kw>
<kw name="Page Should Contain" library="SeleniumLibrary">
<arg>Termos e Condições</arg>
<doc>Verifies that current page contains ``text``.</doc>
<msg timestamp="20231210 08:02:15.160" level="INFO">Current page contains text 'Termos e Condições'.</msg>
<status status="PASS" starttime="20231210 08:02:15.109" endtime="20231210 08:02:15.160"/>
</kw>
<kw name="Agree with terms and conditions" library="base_sptf">
<kw name="Wait Until Element Is Visible" library="SeleniumLibrary">
<arg>xpath=//label[@for="terms-conditions-checkbox"]/span[@class="Indicator-sc-1airx73-0 jCsyxi"]</arg>
<arg>10</arg>
<doc>Waits until the element ``locator`` is visible.</doc>
<status status="PASS" starttime="20231210 08:02:15.162" endtime="20231210 08:02:15.445"/>
</kw>
<kw name="Click Element" library="SeleniumLibrary">
<arg>xpath=//label[@for="terms-conditions-checkbox"]/span[@class="Indicator-sc-1airx73-0 jCsyxi"]</arg>
<doc>Click the element identified by ``locator``.</doc>
<msg timestamp="20231210 08:02:15.447" level="INFO">Clicking element 'xpath=//label[@for="terms-conditions-checkbox"]/span[@class="Indicator-sc-1airx73-0 jCsyxi"]'.</msg>
<status status="PASS" starttime="20231210 08:02:15.445" endtime="20231210 08:02:15.675"/>
</kw>
<status status="PASS" starttime="20231210 08:02:15.160" endtime="20231210 08:02:15.675"/>
</kw>
<kw name="Click on Submit Button" library="base_sptf">
<kw name="Sleep" library="BuiltIn">
<arg>1</arg>
<doc>Pauses the test executed for the given time.</doc>
<msg timestamp="20231210 08:02:16.677" level="INFO">Slept 1 second</msg>
<status status="PASS" starttime="20231210 08:02:15.676" endtime="20231210 08:02:16.677"/>
</kw>
<kw name="Click Element" library="SeleniumLibrary">
<arg>xpath=//button[@data-testid="submit"]</arg>
<doc>Click the element identified by ``locator``.</doc>
<msg timestamp="20231210 08:02:16.678" level="INFO">Clicking element 'xpath=//button[@data-testid="submit"]'.</msg>
<status status="PASS" starttime="20231210 08:02:16.677" endtime="20231210 08:02:16.800"/>
</kw>
<status status="PASS" starttime="20231210 08:02:15.675" endtime="20231210 08:02:16.801"/>
</kw>
<kw name="Home Page" library="base_sptf">
<kw name="Wait Until Element Is Visible" library="SeleniumLibrary">
<arg>xpath=//span[contains(text(), "Início")]</arg>
<arg>10</arg>
<doc>Waits until the element ``locator`` is visible.</doc>
<status status="PASS" starttime="20231210 08:02:16.802" endtime="20231210 08:02:23.620"/>
</kw>
<status status="PASS" starttime="20231210 08:02:16.801" endtime="20231210 08:02:23.621"/>
</kw>
<kw name="Logout" library="base_sptf">
<kw name="Click Element" library="SeleniumLibrary">
<arg>xpath=//button[@data-testid="user-widget-link"]</arg>
<doc>Click the element identified by ``locator``.</doc>
<msg timestamp="20231210 08:02:23.624" level="INFO">Clicking element 'xpath=//button[@data-testid="user-widget-link"]'.</msg>
<status status="PASS" starttime="20231210 08:02:23.622" endtime="20231210 08:02:24.760"/>
</kw>
<kw name="Click Element" library="SeleniumLibrary">
<arg>xpath=//button[@data-testid="user-widget-dropdown-logout"]</arg>
<doc>Click the element identified by ``locator``.</doc>
<msg timestamp="20231210 08:02:24.761" level="INFO">Clicking element 'xpath=//button[@data-testid="user-widget-dropdown-logout"]'.</msg>
<status status="PASS" starttime="20231210 08:02:24.760" endtime="20231210 08:02:25.106"/>
</kw>
<status status="PASS" starttime="20231210 08:02:23.622" endtime="20231210 08:02:25.107"/>
</kw>
<kw name="Click on Login Button" library="base_sptf">
<kw name="Wait Until Element Is Visible" library="SeleniumLibrary">
<arg>xpath=//button[@data-testid="login-button"]</arg>
<arg>10</arg>
<doc>Waits until the element ``locator`` is visible.</doc>
<status status="PASS" starttime="20231210 08:02:25.108" endtime="20231210 08:02:30.933"/>
</kw>
<kw name="Click Element" library="SeleniumLibrary">
<arg>xpath=//button[@data-testid="login-button"]</arg>
<doc>Click the element identified by ``locator``.</doc>
<msg timestamp="20231210 08:02:30.940" level="INFO">Clicking element 'xpath=//button[@data-testid="login-button"]'.</msg>
<status status="PASS" starttime="20231210 08:02:30.934" endtime="20231210 08:02:31.676"/>
</kw>
<kw name="Sleep" library="BuiltIn">
<arg>1</arg>
<doc>Pauses the test executed for the given time.</doc>
<msg timestamp="20231210 08:02:32.680" level="INFO">Slept 1 second</msg>
<status status="PASS" starttime="20231210 08:02:31.676" endtime="20231210 08:02:32.680"/>
</kw>
<status status="PASS" starttime="20231210 08:02:25.108" endtime="20231210 08:02:32.681"/>
</kw>
<kw name="Page Should Contain" library="SeleniumLibrary">
<arg>Entrar no Spotify</arg>
<doc>Verifies that current page contains ``text``.</doc>
<msg timestamp="20231210 08:02:34.538" level="INFO">Current page contains text 'Entrar no Spotify'.</msg>
<status status="PASS" starttime="20231210 08:02:32.682" endtime="20231210 08:02:34.538"/>
</kw>
<kw name="Login With" library="base_sptf">
<arg>${email}</arg>
<arg>${password}</arg>
<kw name="Wait Until Element Is Visible" library="SeleniumLibrary">
<arg>xpath=//input[@id="login-username"]</arg>
<arg>10</arg>
<doc>Waits until the element ``locator`` is visible.</doc>
<status status="PASS" starttime="20231210 08:02:34.540" endtime="20231210 08:02:34.616"/>
</kw>
<kw name="Input Text" library="SeleniumLibrary">
<arg>xpath=//input[@id="login-username"]</arg>
<arg>${email}</arg>
<doc>Types the given ``text`` into the text field identified by ``locator``.</doc>
<msg timestamp="20231210 08:02:34.618" level="INFO">Typing text 'aaustin@example.net' into text field 'xpath=//input[@id="login-username"]'.</msg>
<status status="PASS" starttime="20231210 08:02:34.617" endtime="20231210 08:02:35.604"/>
</kw>
<kw name="Input Text" library="SeleniumLibrary">
<arg>xpath=//input[@id="login-password"]</arg>
<arg>${password}</arg>
<doc>Types the given ``text`` into the text field identified by ``locator``.</doc>
<msg timestamp="20231210 08:02:35.606" level="INFO">Typing text 'w!q+2!MeK9' into text field 'xpath=//input[@id="login-password"]'.</msg>
<status status="PASS" starttime="20231210 08:02:35.604" endtime="20231210 08:02:36.149"/>
</kw>
<status status="PASS" starttime="20231210 08:02:34.539" endtime="20231210 08:02:36.149"/>
</kw>
<kw name="Don't remind me" library="base_sptf">
<kw name="Click Element" library="SeleniumLibrary">
<arg>xpath=//span[@class="Wrapper-sc-16y5c87-0 imHfsA"]</arg>
<doc>Click the element identified by ``locator``.</doc>
<msg timestamp="20231210 08:02:36.151" level="INFO">Clicking element 'xpath=//span[@class="Wrapper-sc-16y5c87-0 imHfsA"]'.</msg>
<status status="PASS" starttime="20231210 08:02:36.150" endtime="20231210 08:02:36.294"/>
</kw>
<status status="PASS" starttime="20231210 08:02:36.150" endtime="20231210 08:02:36.294"/>
</kw>
<kw name="Click on Login Button" library="base_sptf">
<kw name="Wait Until Element Is Visible" library="SeleniumLibrary">
<arg>xpath=//button[@data-testid="login-button"]</arg>
<arg>10</arg>
<doc>Waits until the element ``locator`` is visible.</doc>
<status status="PASS" starttime="20231210 08:02:36.295" endtime="20231210 08:02:36.340"/>
</kw>
<kw name="Click Element" library="SeleniumLibrary">
<arg>xpath=//button[@data-testid="login-button"]</arg>
<doc>Click the element identified by ``locator``.</doc>
<msg timestamp="20231210 08:02:36.342" level="INFO">Clicking element 'xpath=//button[@data-testid="login-button"]'.</msg>
<status status="PASS" starttime="20231210 08:02:36.340" endtime="20231210 08:02:36.490"/>
</kw>
<kw name="Sleep" library="BuiltIn">
<arg>1</arg>
<doc>Pauses the test executed for the given time.</doc>
<msg timestamp="20231210 08:02:37.492" level="INFO">Slept 1 second</msg>
<status status="PASS" starttime="20231210 08:02:36.490" endtime="20231210 08:02:37.492"/>
</kw>
<status status="PASS" starttime="20231210 08:02:36.295" endtime="20231210 08:02:37.492"/>
</kw>
<kw name="Home Page" library="base_sptf">
<kw name="Wait Until Element Is Visible" library="SeleniumLibrary">
<arg>xpath=//span[contains(text(), "Início")]</arg>
<arg>10</arg>
<doc>Waits until the element ``locator`` is visible.</doc>
<status status="PASS" starttime="20231210 08:02:37.493" endtime="20231210 08:02:41.210"/>
</kw>
<status status="PASS" starttime="20231210 08:02:37.493" endtime="20231210 08:02:41.210"/>
</kw>
<tag>login_ok</tag>
<tag>Regressao</tag>
<status status="PASS" starttime="20231210 08:01:55.116" endtime="20231210 08:02:41.214"/>
</test>
<test id="s1-t11" name="Login With Wrong Email" line="238">
<kw name="New session" library="base_sptf">
<kw name="Open Browser" library="SeleniumLibrary">
<arg>${url}</arg>
<arg>chrome</arg>
<doc>Opens a new browser instance to the optional ``url``.</doc>
<msg timestamp="20231210 08:02:41.249" level="INFO">Opening browser 'chrome' to base url 'https://open.spotify.com/intl-pt?'.</msg>
<status status="PASS" starttime="20231210 08:02:41.245" endtime="20231210 08:02:45.321"/>
</kw>
<status status="PASS" starttime="20231210 08:02:41.244" endtime="20231210 08:02:45.321"/>
</kw>
<kw name="Click on Login Button" library="base_sptf">
<kw name="Wait Until Element Is Visible" library="SeleniumLibrary">
<arg>xpath=//button[@data-testid="login-button"]</arg>
<arg>10</arg>
<doc>Waits until the element ``locator`` is visible.</doc>
<status status="PASS" starttime="20231210 08:02:45.323" endtime="20231210 08:02:52.087"/>
</kw>
<kw name="Click Element" library="SeleniumLibrary">
<arg>xpath=//button[@data-testid="login-button"]</arg>
<doc>Click the element identified by ``locator``.</doc>
<msg timestamp="20231210 08:02:52.088" level="INFO">Clicking element 'xpath=//button[@data-testid="login-button"]'.</msg>
<status status="PASS" starttime="20231210 08:02:52.087" endtime="20231210 08:02:52.625"/>
</kw>
<kw name="Sleep" library="BuiltIn">
<arg>1</arg>
<doc>Pauses the test executed for the given time.</doc>
<msg timestamp="20231210 08:02:53.629" level="INFO">Slept 1 second</msg>
<status status="PASS" starttime="20231210 08:02:52.625" endtime="20231210 08:02:53.629"/>
</kw>
<status status="PASS" starttime="20231210 08:02:45.322" endtime="20231210 08:02:53.629"/>
</kw>
<kw name="Page Should Contain" library="SeleniumLibrary">
<arg>Entrar no Spotify</arg>
<doc>Verifies that current page contains ``text``.</doc>
<msg timestamp="20231210 08:02:56.199" level="INFO">Current page contains text 'Entrar no Spotify'.</msg>
<status status="PASS" starttime="20231210 08:02:53.631" endtime="20231210 08:02:56.200"/>
</kw>
<kw name="Login With" library="base_sptf">
<arg>emailerradoteste@gmail.com</arg>
<arg>Teste123@#s</arg>
<kw name="Wait Until Element Is Visible" library="SeleniumLibrary">
<arg>xpath=//input[@id="login-username"]</arg>
<arg>10</arg>
<doc>Waits until the element ``locator`` is visible.</doc>
<status status="PASS" starttime="20231210 08:02:56.201" endtime="20231210 08:02:56.290"/>
</kw>
<kw name="Input Text" library="SeleniumLibrary">
<arg>xpath=//input[@id="login-username"]</arg>
<arg>${email}</arg>
<doc>Types the given ``text`` into the text field identified by ``locator``.</doc>
<msg timestamp="20231210 08:02:56.292" level="INFO">Typing text 'emailerradoteste@gmail.com' into text field 'xpath=//input[@id="login-username"]'.</msg>
<status status="PASS" starttime="20231210 08:02:56.290" endtime="20231210 08:02:57.364"/>
</kw>
<kw name="Input Text" library="SeleniumLibrary">
<arg>xpath=//input[@id="login-password"]</arg>
<arg>${password}</arg>
<doc>Types the given ``text`` into the text field identified by ``locator``.</doc>
<msg timestamp="20231210 08:02:57.366" level="INFO">Typing text 'Teste123@#s' into text field 'xpath=//input[@id="login-password"]'.</msg>
<status status="PASS" starttime="20231210 08:02:57.364" endtime="20231210 08:02:57.807"/>
</kw>
<status status="PASS" starttime="20231210 08:02:56.200" endtime="20231210 08:02:57.807"/>
</kw>
<kw name="Don't remind me" library="base_sptf">
<kw name="Click Element" library="SeleniumLibrary">
<arg>xpath=//span[@class="Wrapper-sc-16y5c87-0 imHfsA"]</arg>
<doc>Click the element identified by ``locator``.</doc>
<msg timestamp="20231210 08:02:57.814" level="INFO">Clicking element 'xpath=//span[@class="Wrapper-sc-16y5c87-0 imHfsA"]'.</msg>
<status status="PASS" starttime="20231210 08:02:57.812" endtime="20231210 08:02:57.959"/>
</kw>
<status status="PASS" starttime="20231210 08:02:57.810" endtime="20231210 08:02:57.959"/>
</kw>
<kw name="Click on Login Button" library="base_sptf">
<kw name="Wait Until Element Is Visible" library="SeleniumLibrary">
<arg>xpath=//button[@data-testid="login-button"]</arg>
<arg>10</arg>
<doc>Waits until the element ``locator`` is visible.</doc>
<status status="PASS" starttime="20231210 08:02:57.961" endtime="20231210 08:02:58.013"/>
</kw>
<kw name="Click Element" library="SeleniumLibrary">
<arg>xpath=//button[@data-testid="login-button"]</arg>
<doc>Click the element identified by ``locator``.</doc>
<msg timestamp="20231210 08:02:58.015" level="INFO">Clicking element 'xpath=//button[@data-testid="login-button"]'.</msg>
<status status="PASS" starttime="20231210 08:02:58.013" endtime="20231210 08:02:58.195"/>
</kw>
<kw name="Sleep" library="BuiltIn">
<arg>1</arg>
<doc>Pauses the test executed for the given time.</doc>
<msg timestamp="20231210 08:02:59.202" level="INFO">Slept 1 second</msg>
<status status="PASS" starttime="20231210 08:02:58.196" endtime="20231210 08:02:59.203"/>
</kw>
<status status="PASS" starttime="20231210 08:02:57.959" endtime="20231210 08:02:59.203"/>
</kw>
<kw name="Message Error Login" library="base_sptf">
<kw name="Wait Until Element Is Visible" library="SeleniumLibrary">
<arg>xpath=//div[@data-encore-id="banner"]</arg>
<arg>10</arg>
<doc>Waits until the element ``locator`` is visible.</doc>
<status status="PASS" starttime="20231210 08:02:59.204" endtime="20231210 08:02:59.284"/>
</kw>
<kw name="Page Should Contain" library="SeleniumLibrary">
<arg>Nome de usuário ou senha incorretos.</arg>
<doc>Verifies that current page contains ``text``.</doc>
<msg timestamp="20231210 08:02:59.328" level="INFO">Current page contains text 'Nome de usuário ou senha incorretos.'.</msg>
<status status="PASS" starttime="20231210 08:02:59.285" endtime="20231210 08:02:59.328"/>
</kw>
<status status="PASS" starttime="20231210 08:02:59.204" endtime="20231210 08:02:59.328"/>
</kw>
<tag>login_wrong_email</tag>
<tag>Regressao</tag>
<status status="PASS" starttime="20231210 08:02:41.239" endtime="20231210 08:02:59.329"/>
</test>
<status status="PASS" starttime="20231210 07:59:02.869" endtime="20231210 08:02:59.340"/>
</suite>
<statistics>
<total>
<stat pass="11" fail="0" skip="0">All Tests</stat>
</total>
<tag>
<stat pass="1" fail="0" skip="0">login_ok</stat>
<stat pass="1" fail="0" skip="0">login_wrong_email</stat>
<stat pass="1" fail="0" skip="0">password_less_characters</stat>
<stat pass="1" fail="0" skip="0">register_without_terms</stat>
<stat pass="11" fail="0" skip="0">Regressao</stat>
<stat pass="1" fail="0" skip="0">signup</stat>
<stat pass="1" fail="0" skip="0">signup_without_birthdate</stat>
<stat pass="1" fail="0" skip="0">signup_without_day</stat>
<stat pass="1" fail="0" skip="0">signup_without_email</stat>
<stat pass="1" fail="0" skip="0">signup_without_gender</stat>
<stat pass="1" fail="0" skip="0">signup_without_month</stat>
<stat pass="1" fail="0" skip="0">weak_password</stat>
</tag>
<suite>
<stat pass="11" fail="0" skip="0" id="s1" name="casesSPTF">casesSPTF</stat>
</suite>
</statistics>
<errors>
</errors>
</robot>
